"../../../Engine/Content/Maps/Templates/Thumbnails/Default.uasset" 0
"../../../Engine/Content/Maps/Templates/Thumbnails/Default.uexp" 1
"../../../Engine/Content/Maps/Templates/Thumbnails/TimeOfDay.uasset" 2
"../../../Engine/Content/Maps/Templates/Thumbnails/TimeOfDay.uexp" 3
"../../../Engine/Content/Maps/Templates/Thumbnails/VR-Basic.uasset" 4
"../../../Engine/Content/Maps/Templates/Thumbnails/VR-Basic.uexp" 5
"../../../Engine/Content/MobileResources/T_MobileControls_texture.uasset" 6
"../../../Engine/Content/MobileResources/T_MobileControls_texture.uexp" 7
"../../../Engine/Content/MobileResources/T_MobileMenu2.uasset" 8
"../../../Engine/Content/MobileResources/T_MobileMenu2.uexp" 9
"../../../Engine/Content/MobileResources/HUD/MobileHUDDirectionPad3.uasset" 10
"../../../Engine/Content/MobileResources/HUD/MobileHUDDirectionPad3.uexp" 11
"../../../Engine/Content/MobileResources/HUD/MobileHUDButton2_off.uasset" 12
"../../../Engine/Content/MobileResources/HUD/MobileHUDButton2_off.uexp" 13
"../../../Engine/Content/MobileResources/HUD/MobileHUDButton3.uasset" 14
"../../../Engine/Content/MobileResources/HUD/MobileHUDButton3.uexp" 15
"../../../Engine/Content/MobileResources/HUD/T_Castle_ThumbstickInner.uasset" 16
"../../../Engine/Content/MobileResources/HUD/T_Castle_ThumbstickInner.uexp" 17
"../../../Engine/Content/MobileResources/HUD/MobileHUDDirectionStick.uasset" 18
"../../../Engine/Content/MobileResources/HUD/MobileHUDDirectionStick.uexp" 19
"../../../Engine/Content/MobileResources/HUD/VirtualJoystick_Thumb.uasset" 20
"../../../Engine/Content/MobileResources/HUD/VirtualJoystick_Thumb.uexp" 21
"../../../Engine/Content/MobileResources/HUD/VirtualJoystick_Background.uasset" 22
"../../../Engine/Content/MobileResources/HUD/VirtualJoystick_Background.uexp" 23
"../../../Engine/Content/MobileResources/HUD/DefaultVirtualJoysticks.uasset" 24
"../../../Engine/Content/MobileResources/HUD/DefaultVirtualJoysticks.uexp" 25
"../../../Engine/Content/MobileResources/HUD/T_Castle_ThumbstickOutter.uasset" 26
"../../../Engine/Content/MobileResources/HUD/T_Castle_ThumbstickOutter.uexp" 27
"../../../Engine/Content/MobileResources/HUD/MobileHUDButton2_on.uasset" 28
"../../../Engine/Content/MobileResources/HUD/MobileHUDButton2_on.uexp" 29
"../../../Engine/Content/MobileResources/HUD/MobileHUDDirectionPad2.uasset" 30
"../../../Engine/Content/MobileResources/HUD/MobileHUDDirectionPad2.uexp" 31
"../../../Engine/Content/MobileResources/HUD/MobileHUDDirectionPad.uasset" 32
"../../../Engine/Content/MobileResources/HUD/MobileHUDDirectionPad.uexp" 33
"../../../Engine/Content/MobileResources/HUD/AnalogHat.uasset" 34
"../../../Engine/Content/MobileResources/HUD/AnalogHat.uexp" 35
"../../../Engine/Content/MobileResources/HUD/MobileHUDButton1_on.uasset" 36
"../../../Engine/Content/MobileResources/HUD/MobileHUDButton1_on.uexp" 37
"../../../Engine/Content/MobileResources/HUD/MobileHUDButtonFire.uasset" 38
"../../../Engine/Content/MobileResources/HUD/MobileHUDButtonFire.uexp" 39
"../../../Engine/Content/MobileResources/HUD/LeftVirtualJoystickOnly.uasset" 40
"../../../Engine/Content/MobileResources/HUD/LeftVirtualJoystickOnly.uexp" 41
"../../../Engine/Content/MobileResources/HUD/MobileHUDButton1_off.uasset" 42
"../../../Engine/Content/MobileResources/HUD/MobileHUDButton1_off.uexp" 43
"../../../Engine/Content/Tutorial/ContentIntroCurve.uasset" 44
"../../../Engine/Content/Tutorial/ContentIntroCurve.uexp" 45
"../../../Engine/Content/Tutorial/Basics/TutorialAssets/icon_tab_Levels_40x.uasset" 46
"../../../Engine/Content/Tutorial/Basics/TutorialAssets/icon_tab_Levels_40x.uexp" 47
"../../../Engine/Content/EngineResources/DefaultTextureCube.uasset" 48
"../../../Engine/Content/EngineResources/DefaultTextureCube.uexp" 49
"../../../Engine/Content/EngineResources/DefaultVolumeTexture2D.uasset" 50
"../../../Engine/Content/EngineResources/DefaultVolumeTexture2D.uexp" 51
"../../../Engine/Content/EngineResources/DefaultVolumeTexture.uasset" 52
"../../../Engine/Content/EngineResources/DefaultVolumeTexture.uexp" 53
"../../../Engine/Content/EngineResources/GradientTexture0.uasset" 54
"../../../Engine/Content/EngineResources/GradientTexture0.uexp" 55
"../../../Engine/Content/EditorLandscapeResources/DataLayer.uasset" 56
"../../../Engine/Content/EditorLandscapeResources/DataLayer.uexp" 57
"../../../Engine/Content/EditorLandscapeResources/DefaultAlphaTexture.uasset" 58
"../../../Engine/Content/EditorLandscapeResources/DefaultAlphaTexture.uexp" 59
"../../../Engine/Content/EditorMaterials/Camera/CineMat.uasset" 60
"../../../Engine/Content/EditorMaterials/Camera/CineMat.uexp" 61
"../../../Engine/Content/EditorMaterials/Camera/MI_CineMat_Rig.uasset" 62
"../../../Engine/Content/EditorMaterials/Camera/MI_CineMat_Rig.uexp" 63
"../../../Engine/Content/EditorMeshes/Camera/SM_CraneRig_Body.uasset" 64
"../../../Engine/Content/EditorMeshes/Camera/SM_CraneRig_Body.uexp" 65
"../../../Engine/Content/EditorMeshes/Camera/SM_RailRig_Mount.uasset" 66
"../../../Engine/Content/EditorMeshes/Camera/SM_RailRig_Mount.uexp" 67
"../../../Engine/Content/EditorMeshes/Camera/SM_CraneRig_Base.uasset" 68
"../../../Engine/Content/EditorMeshes/Camera/SM_CraneRig_Base.uexp" 69
"../../../Engine/Content/EditorMeshes/Camera/SM_CraneRig_Mount.uasset" 70
"../../../Engine/Content/EditorMeshes/Camera/SM_CraneRig_Mount.uexp" 71
"../../../Engine/Content/EditorMeshes/Camera/SM_CraneRig_Arm.uasset" 72
"../../../Engine/Content/EditorMeshes/Camera/SM_CraneRig_Arm.uexp" 73
"../../../Engine/Content/EditorMeshes/Camera/SM_RailRig_Track.uasset" 74
"../../../Engine/Content/EditorMeshes/Camera/SM_RailRig_Track.uexp" 75
"../../../Engine/Content/EngineFonts/Faces/RobotoRegular.uasset" 76
"../../../Engine/Content/EngineFonts/Faces/RobotoRegular.uexp" 77
"../../../Engine/Content/EngineFonts/Faces/RobotoRegular.ufont" 78
"../../../Engine/Content/EngineFonts/Faces/RobotoLight.uasset" 79
"../../../Engine/Content/EngineFonts/Faces/RobotoLight.uexp" 80
"../../../Engine/Content/EngineFonts/Faces/RobotoLight.ufont" 81
"../../../Engine/Content/EngineFonts/Faces/RobotoItalic.uasset" 82
"../../../Engine/Content/EngineFonts/Faces/RobotoItalic.uexp" 83
"../../../Engine/Content/EngineFonts/Faces/RobotoItalic.ufont" 84
"../../../Engine/Content/EngineFonts/Faces/RobotoBoldItalic.uasset" 85
"../../../Engine/Content/EngineFonts/Faces/RobotoBoldItalic.uexp" 86
"../../../Engine/Content/EngineFonts/Faces/RobotoBoldItalic.ufont" 87
"../../../Engine/Content/EngineFonts/Faces/RobotoBold.uasset" 88
"../../../Engine/Content/EngineFonts/Faces/RobotoBold.uexp" 89
"../../../Engine/Content/EngineFonts/Faces/RobotoBold.ufont" 90
"../../../Engine/Content/EngineFonts/Faces/DroidSansFallback.uasset" 91
"../../../Engine/Content/EngineFonts/Faces/DroidSansFallback.uexp" 92
"../../../Engine/Content/EngineFonts/Faces/DroidSansFallback.ufont" 93
"../../../Engine/Content/EngineFonts/Roboto.uasset" 94
"../../../Engine/Content/EngineFonts/Roboto.uexp" 95
"../../../Engine/Content/EngineDamageTypes/DmgTypeBP_Environmental.uasset" 96
"../../../Engine/Content/EngineDamageTypes/DmgTypeBP_Environmental.uexp" 97
"../../../Engine/Content/EngineMaterials/T_Default_Material_Grid_N.uasset" 98
"../../../Engine/Content/EngineMaterials/T_Default_Material_Grid_N.uexp" 99
"../../../Engine/Content/EngineMaterials/T_Default_Material_Grid_N.ubulk" 100
"../../../Engine/Content/EngineMaterials/T_Default_Material_Grid_M.uasset" 101
"../../../Engine/Content/EngineMaterials/T_Default_Material_Grid_M.uexp" 102
"../../../Engine/Content/EngineMaterials/T_Default_Material_Grid_M.ubulk" 103
"../../../Engine/Content/Functions/Engine_MaterialFunctions01/Opacity/CameraDepthFade.uasset" 104
"../../../Engine/Content/Functions/Engine_MaterialFunctions01/Opacity/CameraDepthFade.uexp" 105
"../../../Engine/Content/EngineMaterials/WorldGridMaterial.uasset" 106
"../../../Engine/Content/EngineMaterials/WorldGridMaterial.uexp" 107
"../../../Engine/Content/ArtTools/RenderToTexture/Meshes/S_1_Unit_Plane.uasset" 108
"../../../Engine/Content/ArtTools/RenderToTexture/Meshes/S_1_Unit_Plane.uexp" 109
"../../../Engine/Content/EngineMaterials/DefaultCalibrationGrayscale.uasset" 110
"../../../Engine/Content/EngineMaterials/DefaultCalibrationGrayscale.uexp" 111
"../../../Engine/Content/EngineMaterials/PPM_DefaultCalibrationGrayscale.uasset" 112
"../../../Engine/Content/EngineMaterials/PPM_DefaultCalibrationGrayscale.uexp" 113
"../../../Engine/Content/EngineResources/WhiteSquareTexture.uasset" 114
"../../../Engine/Content/EngineResources/WhiteSquareTexture.uexp" 115
"../../../Engine/Content/EngineMaterials/Widget3DPassThrough.uasset" 116
"../../../Engine/Content/EngineMaterials/Widget3DPassThrough.uexp" 117
"../../../Engine/Content/EngineMaterials/Widget3DPassThrough_Masked.uasset" 118
"../../../Engine/Content/EngineMaterials/Widget3DPassThrough_Masked.uexp" 119
"../../../Engine/Content/EngineMaterials/WeightMapPlaceholderTexture.uasset" 120
"../../../Engine/Content/EngineMaterials/WeightMapPlaceholderTexture.uexp" 121
"../../../Engine/Content/EngineMaterials/Widget3DPassThrough_Translucent.uasset" 122
"../../../Engine/Content/EngineMaterials/Widget3DPassThrough_Translucent.uexp" 123
"../../../Engine/Content/EngineMaterials/Widget3DPassThrough_Translucent_OneSided.uasset" 124
"../../../Engine/Content/EngineMaterials/Widget3DPassThrough_Translucent_OneSided.uexp" 125
"../../../Engine/Content/EngineMaterials/DefaultCalibrationColor.uasset" 126
"../../../Engine/Content/EngineMaterials/DefaultCalibrationColor.uexp" 127
"../../../Engine/Content/EngineMaterials/PPM_DefaultCalibrationColor.uasset" 128
"../../../Engine/Content/EngineMaterials/PPM_DefaultCalibrationColor.uexp" 129
"../../../Engine/Content/Functions/Engine_MaterialFunctions02/WorldPositionOffset/CameraOffset.uasset" 130
"../../../Engine/Content/Functions/Engine_MaterialFunctions02/WorldPositionOffset/CameraOffset.uexp" 131
"../../../Engine/Content/EngineMaterials/PhAT_JointLimitMaterial.uasset" 132
"../../../Engine/Content/EngineMaterials/PhAT_JointLimitMaterial.uexp" 133
"../../../Engine/Content/EngineMaterials/GizmoMaterial.uasset" 134
"../../../Engine/Content/EngineMaterials/GizmoMaterial.uexp" 135
"../../../Engine/Content/EngineMaterials/BlueNoise.uasset" 136
"../../../Engine/Content/EngineMaterials/BlueNoise.uexp" 137
"../../../Engine/Content/EngineMaterials/DefaultWhiteGrid_Low.uasset" 138
"../../../Engine/Content/EngineMaterials/DefaultWhiteGrid_Low.uexp" 139
"../../../Engine/Content/EngineMaterials/EmissiveMeshMaterial.uasset" 140
"../../../Engine/Content/EngineMaterials/EmissiveMeshMaterial.uexp" 141
"../../../Engine/Content/EngineMaterials/Widget3DPassThrough_Opaque.uasset" 142
"../../../Engine/Content/EngineMaterials/Widget3DPassThrough_Opaque.uexp" 143
"../../../Engine/Content/EngineMaterials/Widget3DPassThrough_Masked_OneSided.uasset" 144
"../../../Engine/Content/EngineMaterials/Widget3DPassThrough_Masked_OneSided.uexp" 145
"../../../Engine/Content/EngineMaterials/Good64x64TilingNoiseHighFreq.uasset" 146
"../../../Engine/Content/EngineMaterials/Good64x64TilingNoiseHighFreq.uexp" 147
"../../../Engine/Content/EngineMaterials/DefaultBloomKernel.uasset" 148
"../../../Engine/Content/EngineMaterials/DefaultBloomKernel.uexp" 149
"../../../Engine/Content/EngineMaterials/RemoveSurfaceMaterial.uasset" 150
"../../../Engine/Content/EngineMaterials/RemoveSurfaceMaterial.uexp" 151
"../../../Engine/Content/EngineMaterials/DefaultDiffuse.uasset" 152
"../../../Engine/Content/EngineMaterials/DefaultDiffuse.uexp" 153
"../../../Engine/Content/EngineMaterials/DefaultDiffuse.ubulk" 154
"../../../Engine/Content/EngineMaterials/DefaultDeferredDecalMaterial.uasset" 155
"../../../Engine/Content/EngineMaterials/DefaultDeferredDecalMaterial.uexp" 156
"../../../Engine/Content/Functions/Engine_MaterialFunctions02/Utility/BreakOutFloat2Components.uasset" 157
"../../../Engine/Content/Functions/Engine_MaterialFunctions02/Utility/BreakOutFloat2Components.uexp" 158
"../../../Engine/Content/EngineMaterials/DefaultPostProcessMaterial.uasset" 159
"../../../Engine/Content/EngineMaterials/DefaultPostProcessMaterial.uexp" 160
"../../../Engine/Content/EngineMaterials/BaseFlattenNormalMap.uasset" 161
"../../../Engine/Content/EngineMaterials/BaseFlattenNormalMap.uexp" 162
"../../../Engine/Content/EngineMaterials/BaseFlattenEmissiveMap.uasset" 163
"../../../Engine/Content/EngineMaterials/BaseFlattenEmissiveMap.uexp" 164
"../../../Engine/Content/EngineMaterials/BaseFlattenGrayscaleMap.uasset" 165
"../../../Engine/Content/EngineMaterials/BaseFlattenGrayscaleMap.uexp" 166
"../../../Engine/Content/EngineMaterials/BaseFlattenDiffuseMap.uasset" 167
"../../../Engine/Content/EngineMaterials/BaseFlattenDiffuseMap.uexp" 168
"../../../Engine/Content/EngineMaterials/BaseFlattenMaterial.uasset" 169
"../../../Engine/Content/EngineMaterials/BaseFlattenMaterial.uexp" 170
"../../../Engine/Content/EngineMaterials/InvalidLightmapSettings.uasset" 171
"../../../Engine/Content/EngineMaterials/InvalidLightmapSettings.uexp" 172
"../../../Engine/Content/EngineMaterials/InvalidLightmapSettings.ubulk" 173
"../../../Engine/Content/EngineMaterials/M_InvalidLightmapSettings.uasset" 174
"../../../Engine/Content/EngineMaterials/M_InvalidLightmapSettings.uexp" 175
"../../../Engine/Content/EngineFonts/RobotoDistanceField.uasset" 176
"../../../Engine/Content/EngineFonts/RobotoDistanceField.uexp" 177
"../../../Engine/Content/EngineMaterials/DefaultTextMaterialOpaque.uasset" 178
"../../../Engine/Content/EngineMaterials/DefaultTextMaterialOpaque.uexp" 179
"../../../Engine/Content/EngineMaterials/PreintegratedSkinBRDF.uasset" 180
"../../../Engine/Content/EngineMaterials/PreintegratedSkinBRDF.uexp" 181
"../../../Engine/Content/EngineMaterials/Widget3DPassThrough_Opaque_OneSided.uasset" 182
"../../../Engine/Content/EngineMaterials/Widget3DPassThrough_Opaque_OneSided.uexp" 183
"../../../Engine/Content/EngineMaterials/DefaultBokeh.uasset" 184
"../../../Engine/Content/EngineMaterials/DefaultBokeh.uexp" 185
"../../../Engine/Content/EngineMaterials/DefaultLightFunctionMaterial.uasset" 186
"../../../Engine/Content/EngineMaterials/DefaultLightFunctionMaterial.uexp" 187
"../../../Engine/Content/EngineMaterials/MiniFont.uasset" 188
"../../../Engine/Content/EngineMaterials/MiniFont.uexp" 189
"../../../Engine/Content/EngineMaterials/DefaultWhiteGrid.uasset" 190
"../../../Engine/Content/EngineMaterials/DefaultWhiteGrid.uexp" 191
"../../../Engine/Content/EngineMaterials/DefaultWhiteGrid.ubulk" 192
"../../../Engine/Content/EngineDebugMaterials/DebugEditorMaterial.uasset" 193
"../../../Engine/Content/EngineDebugMaterials/DebugEditorMaterial.uexp" 194
"../../../Engine/Content/Functions/Engine_MaterialFunctions01/Shading/ConvertFromDiffSpec.uasset" 195
"../../../Engine/Content/Functions/Engine_MaterialFunctions01/Shading/ConvertFromDiffSpec.uexp" 196
"../../../Engine/Content/EngineDebugMaterials/VertexColorMaterial.uasset" 197
"../../../Engine/Content/EngineDebugMaterials/VertexColorMaterial.uexp" 198
"../../../Engine/Content/EngineDebugMaterials/WireframeMaterial.uasset" 199
"../../../Engine/Content/EngineDebugMaterials/WireframeMaterial.uexp" 200
"../../../Engine/Content/Functions/Engine_MaterialFunctions02/Utility/CameraDirectionVector.uasset" 201
"../../../Engine/Content/Functions/Engine_MaterialFunctions02/Utility/CameraDirectionVector.uexp" 202
"../../../Engine/Content/EngineDebugMaterials/VolumeToRender.uasset" 203
"../../../Engine/Content/EngineDebugMaterials/VolumeToRender.uexp" 204
"../../../Engine/Content/EngineDebugMaterials/M_VolumeRenderSphereTracePP.uasset" 205
"../../../Engine/Content/EngineDebugMaterials/M_VolumeRenderSphereTracePP.uexp" 206
"../../../Engine/Content/EngineDebugMaterials/M_SimpleUnlitTranslucent.uasset" 207
"../../../Engine/Content/EngineDebugMaterials/M_SimpleUnlitTranslucent.uexp" 208
"../../../Engine/Content/EngineDebugMaterials/DebugMeshMaterial.uasset" 209
"../../../Engine/Content/EngineDebugMaterials/DebugMeshMaterial.uexp" 210
"../../../Engine/Content/EditorResources/S_Note.uasset" 211
"../../../Engine/Content/EditorResources/S_Note.uexp" 212
"../../../Engine/Content/EditorResources/S_Note.ubulk" 213
"../../../Engine/Content/EditorResources/S_Solver.uasset" 214
"../../../Engine/Content/EditorResources/S_Solver.uexp" 215
"../../../Engine/Content/EditorResources/S_Solver.ubulk" 216
"../../../Engine/Content/EditorResources/S_Terrain.uasset" 217
"../../../Engine/Content/EditorResources/S_Terrain.uexp" 218
"../../../Engine/Content/EditorResources/S_Terrain.ubulk" 219
"../../../Engine/Content/EditorResources/S_Trigger.uasset" 220
"../../../Engine/Content/EditorResources/S_Trigger.uexp" 221
"../../../Engine/Content/EditorResources/S_Trigger.ubulk" 222
"../../../Engine/Content/EditorResources/S_Actor.uasset" 223
"../../../Engine/Content/EditorResources/S_Actor.uexp" 224
"../../../Engine/Content/EditorResources/S_Actor.ubulk" 225
"../../../Engine/Content/EditorResources/EmptyActor.uasset" 226
"../../../Engine/Content/EditorResources/EmptyActor.uexp" 227
"../../../Engine/Content/EditorResources/BSPVertex.uasset" 228
"../../../Engine/Content/EditorResources/BSPVertex.uexp" 229
"../../../Engine/Content/EditorResources/SequenceRecorder/Countdown.uasset" 230
"../../../Engine/Content/EditorResources/SequenceRecorder/Countdown.uexp" 231
"../../../Engine/Content/EditorResources/SequenceRecorder/RecordingIndicator.uasset" 232
"../../../Engine/Content/EditorResources/SequenceRecorder/RecordingIndicator.uexp" 233
"../../../Engine/Content/EngineMaterials/DefaultMaterial.uasset" 234
"../../../Engine/Content/EngineMaterials/DefaultMaterial.uexp" 235
"../../../Engine/Content/BasicShapes/Cone.uasset" 236
"../../../Engine/Content/BasicShapes/Cone.uexp" 237
"../../../Engine/Content/BasicShapes/Cube.uasset" 238
"../../../Engine/Content/BasicShapes/Cube.uexp" 239
"../../../Engine/Content/BasicShapes/Plane.uasset" 240
"../../../Engine/Content/BasicShapes/Plane.uexp" 241
"../../../Engine/Content/Functions/Engine_MaterialFunctions01/Shading/PowerToRoughness.uasset" 242
"../../../Engine/Content/Functions/Engine_MaterialFunctions01/Shading/PowerToRoughness.uexp" 243
"../../../Engine/Content/EditorMaterials/PreviewShadowIndicator.uasset" 244
"../../../Engine/Content/EditorMaterials/PreviewShadowIndicator.uexp" 245
"../../../Engine/Content/EditorMaterials/PreviewShadowIndicator.ubulk" 246
"../../../Engine/Content/EditorMaterials/PreviewShadowIndicatorMaterial.uasset" 247
"../../../Engine/Content/EditorMaterials/PreviewShadowIndicatorMaterial.uexp" 248
"../../../Engine/Content/EditorMaterials/MAT_Groups_Toggle.uasset" 249
"../../../Engine/Content/EditorMaterials/MAT_Groups_Toggle.uexp" 250
"../../../Engine/Content/EditorMaterials/MAT_Groups_Visibility.uasset" 251
"../../../Engine/Content/EditorMaterials/MAT_Groups_Visibility.uexp" 252
"../../../Engine/Content/EditorMaterials/ParticleSystems/PSysThumbnail_NoImage.uasset" 253
"../../../Engine/Content/EditorMaterials/ParticleSystems/PSysThumbnail_NoImage.uexp" 254
"../../../Engine/Content/EditorMaterials/ParticleSystems/PSysThumbnail_NoImage.ubulk" 255
"../../../Engine/Content/EditorMaterials/ParticleSystems/PSysThumbnail_OOD.uasset" 256
"../../../Engine/Content/EditorMaterials/ParticleSystems/PSysThumbnail_OOD.uexp" 257
"../../../Engine/Content/EditorMaterials/ParticleSystems/PSysThumbnail_OOD.ubulk" 258
"../../../Engine/Content/EditorMaterials/MatineeGroups/MAT_Groups_Vector.uasset" 259
"../../../Engine/Content/EditorMaterials/MatineeGroups/MAT_Groups_Vector.uexp" 260
"../../../Engine/Content/EditorMaterials/MatineeGroups/MAT_ColorTrack.uasset" 261
"../../../Engine/Content/EditorMaterials/MatineeGroups/MAT_ColorTrack.uexp" 262
"../../../Engine/Content/EditorMaterials/MatineeGroups/MAT_Groups_AudioMaster.uasset" 263
"../../../Engine/Content/EditorMaterials/MatineeGroups/MAT_Groups_AudioMaster.uexp" 264
"../../../Engine/Content/EditorMaterials/MatineeGroups/MAT_Groups_Sound.uasset" 265
"../../../Engine/Content/EditorMaterials/MatineeGroups/MAT_Groups_Sound.uexp" 266
"../../../Engine/Content/EditorMaterials/MatineeGroups/MAT_Groups_Float.uasset" 267
"../../../Engine/Content/EditorMaterials/MatineeGroups/MAT_Groups_Float.uexp" 268
"../../../Engine/Content/EditorMaterials/MatineeGroups/MAT_Groups_Director.uasset" 269
"../../../Engine/Content/EditorMaterials/MatineeGroups/MAT_Groups_Director.uexp" 270
"../../../Engine/Content/EditorMaterials/MatineeGroups/MAT_Groups_Move.uasset" 271
"../../../Engine/Content/EditorMaterials/MatineeGroups/MAT_Groups_Move.uexp" 272
"../../../Engine/Content/EditorMaterials/MatineeGroups/MAT_Groups_Event.uasset" 273
"../../../Engine/Content/EditorMaterials/MatineeGroups/MAT_Groups_Event.uexp" 274
"../../../Engine/Content/EditorMaterials/MatineeGroups/MAT_Groups_Fade.uasset" 275
"../../../Engine/Content/EditorMaterials/MatineeGroups/MAT_Groups_Fade.uexp" 276
"../../../Engine/Content/EditorMaterials/MatineeGroups/MAT_Groups_Anim.uasset" 277
"../../../Engine/Content/EditorMaterials/MatineeGroups/MAT_Groups_Anim.uexp" 278
"../../../Engine/Content/EditorMaterials/MatineeGroups/MAT_Groups_Slomo.uasset" 279
"../../../Engine/Content/EditorMaterials/MatineeGroups/MAT_Groups_Slomo.uexp" 280
"../../../Engine/Content/EngineSounds/Master.uasset" 281
"../../../Engine/Content/EngineSounds/Master.uexp" 282
"../../../Engine/Content/EngineMeshes/Cylinder.uasset" 283
"../../../Engine/Content/EngineMeshes/Cylinder.uexp" 284
"../../../Engine/Content/EngineMeshes/Sphere.uasset" 285
"../../../Engine/Content/EngineMeshes/Sphere.uexp" 286
"../../../Engine/Content/EngineSky/VolumetricClouds/CloudWeatherTexture.uasset" 287
"../../../Engine/Content/EngineSky/VolumetricClouds/CloudWeatherTexture.uexp" 288
"../../../Engine/Content/EngineSky/VolumetricClouds/T_NoiseShape64.uasset" 289
"../../../Engine/Content/EngineSky/VolumetricClouds/T_NoiseShape64.uexp" 290
"../../../Engine/Content/EngineSky/VolumetricClouds/T_NoiseShape64.ubulk" 291
"../../../Engine/Content/EngineSky/VolumetricClouds/T_VolumeNoiseShape64.uasset" 292
"../../../Engine/Content/EngineSky/VolumetricClouds/T_VolumeNoiseShape64.uexp" 293
"../../../Engine/Content/Functions/Engine_MaterialFunctions02/Utility/MakeFloat2.uasset" 294
"../../../Engine/Content/Functions/Engine_MaterialFunctions02/Utility/MakeFloat2.uexp" 295
"../../../Engine/Content/EngineSky/VolumetricClouds/T_NoiseErosion.uasset" 296
"../../../Engine/Content/EngineSky/VolumetricClouds/T_NoiseErosion.uexp" 297
"../../../Engine/Content/EngineSky/VolumetricClouds/T_NoiseErosion.ubulk" 298
"../../../Engine/Content/EngineSky/VolumetricClouds/T_VolumeNoiseErosion32.uasset" 299
"../../../Engine/Content/EngineSky/VolumetricClouds/T_VolumeNoiseErosion32.uexp" 300
"../../../Engine/Content/EngineSky/VolumetricClouds/CloudGradientTexture.uasset" 301
"../../../Engine/Content/EngineSky/VolumetricClouds/CloudGradientTexture.uexp" 302
"../../../Engine/Content/EngineSky/VolumetricClouds/m_SimpleVolumetricCloud.uasset" 303
"../../../Engine/Content/EngineSky/VolumetricClouds/m_SimpleVolumetricCloud.uexp" 304
"../../../Engine/Content/EngineSky/VolumetricClouds/m_SimpleVolumetricCloud_Inst.uasset" 305
"../../../Engine/Content/EngineSky/VolumetricClouds/m_SimpleVolumetricCloud_Inst.uexp" 306
"../../../Engine/Content/VREditor/TransformGizmo/TranslucentTransformGizmoMaterial.uasset" 307
"../../../Engine/Content/VREditor/TransformGizmo/TranslucentTransformGizmoMaterial.uexp" 308
"../../../Engine/Content/VREditor/LaserPointer/VR_LaserPower_01.uasset" 309
"../../../Engine/Content/VREditor/LaserPointer/VR_LaserPower_01.uexp" 310
"../../../Engine/Content/VREditor/LaserPointer/VR_LaserPower_01.ubulk" 311
"../../../Engine/Content/VREditor/TransformGizmo/TransformGizmoMaterial.uasset" 312
"../../../Engine/Content/VREditor/TransformGizmo/TransformGizmoMaterial.uexp" 313
"../../../Engine/Content/VREditor/TransformGizmo/PlaneTranslationHandle.uasset" 314
"../../../Engine/Content/VREditor/TransformGizmo/PlaneTranslationHandle.uexp" 315
"../../../Engine/Content/VREditor/TransformGizmo/Xray.uasset" 316
"../../../Engine/Content/VREditor/TransformGizmo/Xray.uexp" 317
"../../../Engine/Content/VREditor/TransformGizmo/Main.uasset" 318
"../../../Engine/Content/VREditor/TransformGizmo/Main.uexp" 319
"../../../Engine/Content/VREditor/TransformGizmo/SM_Sequencer_Key.uasset" 320
"../../../Engine/Content/VREditor/TransformGizmo/SM_Sequencer_Key.uexp" 321
"../../../Engine/Content/VREditor/TransformGizmo/BoundingBoxCorner.uasset" 322
"../../../Engine/Content/VREditor/TransformGizmo/BoundingBoxCorner.uexp" 323
"../../../Engine/Content/VREditor/TransformGizmo/SM_Sequencer_Node.uasset" 324
"../../../Engine/Content/VREditor/TransformGizmo/SM_Sequencer_Node.uexp" 325
"../../../Engine/Content/VREditor/TransformGizmo/BoundingBoxEdge.uasset" 326
"../../../Engine/Content/VREditor/TransformGizmo/BoundingBoxEdge.uexp" 327
"../../../Engine/Plugins/Experimental/Water/Content/Meshes/LakeMesh.uasset" 328
"../../../Engine/Plugins/Experimental/Water/Content/Meshes/LakeMesh.uexp" 329
"../../../Engine/Plugins/Experimental/Water/Content/Meshes/RiverMesh.uasset" 330
"../../../Engine/Plugins/Experimental/Water/Content/Meshes/RiverMesh.uexp" 331
"../../../Engine/Plugins/Experimental/Water/Content/Icons/WaterBodyLakeSprite.uasset" 332
"../../../Engine/Plugins/Experimental/Water/Content/Icons/WaterBodyLakeSprite.uexp" 333
"../../../Engine/Plugins/Experimental/Water/Content/Icons/WaterBodyExclusionVolumeSprite.uasset" 334
"../../../Engine/Plugins/Experimental/Water/Content/Icons/WaterBodyExclusionVolumeSprite.uexp" 335
"../../../Engine/Plugins/Experimental/Water/Content/Icons/WaterErrorSprite.uasset" 336
"../../../Engine/Plugins/Experimental/Water/Content/Icons/WaterErrorSprite.uexp" 337
"../../../Engine/Plugins/Experimental/Water/Content/Icons/WaterErrorSprite.ubulk" 338
"../../../Engine/Plugins/Experimental/Water/Content/Icons/WaterMeshActorSprite.uasset" 339
"../../../Engine/Plugins/Experimental/Water/Content/Icons/WaterMeshActorSprite.uexp" 340
"../../../Engine/Plugins/Experimental/Water/Content/Icons/WaterMeshActorSprite.ubulk" 341
"../../../Engine/Plugins/Experimental/Water/Content/Icons/WaterBodyIslandSprite.uasset" 342
"../../../Engine/Plugins/Experimental/Water/Content/Icons/WaterBodyIslandSprite.uexp" 343
"../../../Engine/Plugins/Experimental/Water/Content/Icons/WaterBodyRiverSprite.uasset" 344
"../../../Engine/Plugins/Experimental/Water/Content/Icons/WaterBodyRiverSprite.uexp" 345
"../../../Engine/Plugins/Experimental/Water/Content/Icons/WaterSprite.uasset" 346
"../../../Engine/Plugins/Experimental/Water/Content/Icons/WaterSprite.uexp" 347
"../../../Engine/Plugins/Experimental/Water/Content/Icons/WaterBodyCustomSprite.uasset" 348
"../../../Engine/Plugins/Experimental/Water/Content/Icons/WaterBodyCustomSprite.uexp" 349
"../../../Engine/Plugins/Experimental/Water/Content/Icons/WaterBodyOceanSprite.uasset" 350
"../../../Engine/Plugins/Experimental/Water/Content/Icons/WaterBodyOceanSprite.uexp" 351
"../../../Engine/Plugins/Experimental/Water/Content/Icons/WaterLandscapeBrushSprite.uasset" 352
"../../../Engine/Plugins/Experimental/Water/Content/Icons/WaterLandscapeBrushSprite.uexp" 353
"../../../Engine/Plugins/Experimental/Water/Content/Icons/WaterLandscapeBrushSprite.ubulk" 354
"../../../Engine/Plugins/Experimental/Water/Content/Waves/GerstnerWaves_Lake.uasset" 355
"../../../Engine/Plugins/Experimental/Water/Content/Waves/GerstnerWaves_Lake.uexp" 356
"../../../Engine/Plugins/Experimental/Water/Content/Curves/FloatCurve_WaterBodyIsland.uasset" 357
"../../../Engine/Plugins/Experimental/Water/Content/Curves/FloatCurve_WaterBodyIsland.uexp" 358
"../../../Engine/Content/BasicShapes/Cylinder.uasset" 359
"../../../Engine/Content/BasicShapes/Cylinder.uexp" 360
"../../../Engine/Content/ArtTools/RenderToTexture/Materials/Debug/M_Emissive_Color.uasset" 361
"../../../Engine/Content/ArtTools/RenderToTexture/Materials/Debug/M_Emissive_Color.uexp" 362
"../../../Engine/Plugins/2D/Paper2D/Content/PlaceholderTextures/DummySpriteTexture.uasset" 363
"../../../Engine/Plugins/2D/Paper2D/Content/PlaceholderTextures/DummySpriteTexture.uexp" 364
"../../../Engine/Plugins/2D/Paper2D/Content/PlaceholderTextures/DummySpriteTexture.ubulk" 365
"../../../Engine/Plugins/2D/Paper2D/Content/DefaultSpriteMaterial.uasset" 366
"../../../Engine/Plugins/2D/Paper2D/Content/DefaultSpriteMaterial.uexp" 367
"../../../Engine/Plugins/2D/Paper2D/Content/OpaqueUnlitSpriteMaterial.uasset" 368
"../../../Engine/Plugins/2D/Paper2D/Content/OpaqueUnlitSpriteMaterial.uexp" 369
"../../../Engine/Plugins/2D/Paper2D/Content/DummySprite.uasset" 370
"../../../Engine/Plugins/2D/Paper2D/Content/DummySprite.uexp" 371
"../../../Engine/Plugins/2D/Paper2D/Content/DefaultPaperTerrainMaterial.uasset" 372
"../../../Engine/Plugins/2D/Paper2D/Content/DefaultPaperTerrainMaterial.uexp" 373
"../../../Engine/Plugins/2D/Paper2D/Content/MaskedUnlitSpriteMaterial.uasset" 374
"../../../Engine/Plugins/2D/Paper2D/Content/MaskedUnlitSpriteMaterial.uexp" 375
"../../../Engine/Content/Functions/Engine_MaterialFunctions02/Utility/VectorLength.uasset" 376
"../../../Engine/Content/Functions/Engine_MaterialFunctions02/Utility/VectorLength.uexp" 377
"../../../Engine/Content/Functions/Engine_MaterialFunctions02/WorldPositionOffset/ObjectScale.uasset" 378
"../../../Engine/Content/Functions/Engine_MaterialFunctions02/WorldPositionOffset/ObjectScale.uexp" 379
"../../../Engine/Content/Functions/Engine_MaterialFunctions02/Utility/BreakOutFloat3Components.uasset" 380
"../../../Engine/Content/Functions/Engine_MaterialFunctions02/Utility/BreakOutFloat3Components.uexp" 381
"../../../Engine/Plugins/Editor/SpeedTreeImporter/Content/SpeedTree9/EmptyNormal.uasset" 382
"../../../Engine/Plugins/Editor/SpeedTreeImporter/Content/SpeedTree9/EmptyNormal.uexp" 383
"../../../Engine/Plugins/Editor/SpeedTreeImporter/Content/SpeedTree9/Empty.uasset" 384
"../../../Engine/Plugins/Editor/SpeedTreeImporter/Content/SpeedTree9/Empty.uexp" 385
"../../../Engine/Plugins/Editor/SpeedTreeImporter/Content/SpeedTree9/UnpackInteger3.uasset" 386
"../../../Engine/Plugins/Editor/SpeedTreeImporter/Content/SpeedTree9/UnpackInteger3.uexp" 387
"../../../Engine/Plugins/Editor/SpeedTreeImporter/Content/SpeedTree9/SpeedTreeBillboard.uasset" 388
"../../../Engine/Plugins/Editor/SpeedTreeImporter/Content/SpeedTree9/SpeedTreeBillboard.uexp" 389
"../../../Engine/Plugins/Editor/SpeedTreeImporter/Content/SpeedTree9/UnpackDirection.uasset" 390
"../../../Engine/Plugins/Editor/SpeedTreeImporter/Content/SpeedTree9/UnpackDirection.uexp" 391
"../../../Engine/Plugins/Editor/SpeedTreeImporter/Content/SpeedTree9/game_wind_noise.uasset" 392
"../../../Engine/Plugins/Editor/SpeedTreeImporter/Content/SpeedTree9/game_wind_noise.uexp" 393
"../../../Engine/Plugins/Editor/SpeedTreeImporter/Content/SpeedTree9/game_wind_noise.ubulk" 394
"../../../Engine/Content/Functions/Engine_MaterialFunctions02/SafeNormalize.uasset" 395
"../../../Engine/Content/Functions/Engine_MaterialFunctions02/SafeNormalize.uexp" 396
"../../../Engine/Plugins/Editor/SpeedTreeImporter/Content/SpeedTree9/SpeedTreeWindMotion.uasset" 397
"../../../Engine/Plugins/Editor/SpeedTreeImporter/Content/SpeedTree9/SpeedTreeWindMotion.uexp" 398
"../../../Engine/Plugins/Editor/SpeedTreeImporter/Content/SpeedTree9/SpeedTreeBranchMotion.uasset" 399
"../../../Engine/Plugins/Editor/SpeedTreeImporter/Content/SpeedTree9/SpeedTreeBranchMotion.uexp" 400
"../../../Engine/Content/Functions/Engine_MaterialFunctions02/ObjectLocalBounds.uasset" 401
"../../../Engine/Content/Functions/Engine_MaterialFunctions02/ObjectLocalBounds.uexp" 402
"../../../Engine/Content/Functions/Engine_MaterialFunctions02/UVs/BoundingBoxBased_0-1_UVW.uasset" 403
"../../../Engine/Content/Functions/Engine_MaterialFunctions02/UVs/BoundingBoxBased_0-1_UVW.uexp" 404
"../../../Engine/Plugins/Editor/SpeedTreeImporter/Content/SpeedTree9/SpeedTreeWind.uasset" 405
"../../../Engine/Plugins/Editor/SpeedTreeImporter/Content/SpeedTree9/SpeedTreeWind.uexp" 406
"../../../Engine/Plugins/Editor/SpeedTreeImporter/Content/SpeedTree9/SpeedTreeBillboardMaster.uasset" 407
"../../../Engine/Plugins/Editor/SpeedTreeImporter/Content/SpeedTree9/SpeedTreeBillboardMaster.uexp" 408
"../../../Engine/Plugins/Editor/SpeedTreeImporter/Content/SpeedTree9/SpeedTreeCameraFacing.uasset" 409
"../../../Engine/Plugins/Editor/SpeedTreeImporter/Content/SpeedTree9/SpeedTreeCameraFacing.uexp" 410
"../../../Engine/Plugins/Editor/SpeedTreeImporter/Content/SpeedTree9/SpeedTreeMaster.uasset" 411
"../../../Engine/Plugins/Editor/SpeedTreeImporter/Content/SpeedTree9/SpeedTreeMaster.uexp" 412
"../../../Engine/Plugins/Experimental/Water/Content/Waves/GerstnerWaves_Ocean.uasset" 413
"../../../Engine/Plugins/Experimental/Water/Content/Waves/GerstnerWaves_Ocean.uexp" 414
"/Users/yam/Documents/GitHub/mkr/Content/WaterfallTool/Textures/Waterfall_BC.uasset" 415
"/Users/yam/Documents/GitHub/mkr/Content/WaterfallTool/Textures/Waterfall_BC.uexp" 416
"/Users/yam/Documents/GitHub/mkr/Content/WaterfallTool/Textures/Waterfall_BC.ubulk" 417
"/Users/yam/Documents/GitHub/mkr/Content/WaterfallTool/Textures/StretchNoise_BC.uasset" 418
"/Users/yam/Documents/GitHub/mkr/Content/WaterfallTool/Textures/StretchNoise_BC.uexp" 419
"/Users/yam/Documents/GitHub/mkr/Content/WaterfallTool/Textures/StretchNoise_BC.ubulk" 420
"/Users/yam/Documents/GitHub/mkr/Content/CCC/StaticMeshes/Enviorment/landscapes/oceanrocks4/Terrain_6_REFL_4096.uasset" 421
"/Users/yam/Documents/GitHub/mkr/Content/CCC/StaticMeshes/Enviorment/landscapes/oceanrocks4/Terrain_6_REFL_4096.uexp" 422
"/Users/yam/Documents/GitHub/mkr/Content/CCC/StaticMeshes/Enviorment/landscapes/oceanrocks4/Terrain_6_REFL_4096.ubulk" 423
"/Users/yam/Documents/GitHub/mkr/Content/CCC/StaticMeshes/Enviorment/landscapes/oceanrocks4/Terrain_6_GLOSS_4096.uasset" 424
"/Users/yam/Documents/GitHub/mkr/Content/CCC/StaticMeshes/Enviorment/landscapes/oceanrocks4/Terrain_6_GLOSS_4096.uexp" 425
"/Users/yam/Documents/GitHub/mkr/Content/CCC/StaticMeshes/Enviorment/landscapes/oceanrocks4/Terrain_6_GLOSS_4096.ubulk" 426
"/Users/yam/Documents/GitHub/mkr/Content/CCC/StaticMeshes/Enviorment/landscapes/oceanrocks4/Terrain_6_COL_4096.uasset" 427
"/Users/yam/Documents/GitHub/mkr/Content/CCC/StaticMeshes/Enviorment/landscapes/oceanrocks4/Terrain_6_COL_4096.uexp" 428
"/Users/yam/Documents/GitHub/mkr/Content/CCC/StaticMeshes/Enviorment/landscapes/oceanrocks4/Terrain_6_COL_4096.ubulk" 429
"/Users/yam/Documents/GitHub/mkr/Content/CCC/StaticMeshes/Enviorment/landscapes/oceanrocks4/Terrain_6_NRM_4096.uasset" 430
"/Users/yam/Documents/GitHub/mkr/Content/CCC/StaticMeshes/Enviorment/landscapes/oceanrocks4/Terrain_6_NRM_4096.uexp" 431
"/Users/yam/Documents/GitHub/mkr/Content/CCC/StaticMeshes/Enviorment/landscapes/oceanrocks4/Terrain_6_NRM_4096.ubulk" 432
"/Users/yam/Documents/GitHub/mkr/Content/CCC/StaticMeshes/Enviorment/landscapes/oceanrocks4/Terrain_6.uasset" 433
"/Users/yam/Documents/GitHub/mkr/Content/CCC/StaticMeshes/Enviorment/landscapes/oceanrocks4/Terrain_6.uexp" 434
"/Users/yam/Documents/GitHub/mkr/Content/CCC/StaticMeshes/Enviorment/landscapes/oceanrocks4/oceanrocksmkrmap1.uasset" 435
"/Users/yam/Documents/GitHub/mkr/Content/CCC/StaticMeshes/Enviorment/landscapes/oceanrocks4/oceanrocksmkrmap1.uexp" 436
"/Users/yam/Documents/GitHub/mkr/Content/CCC/StaticMeshes/Enviorment/landscapes/oceanrocks3/Terrainpiece3_NRM_4096.uasset" 437
"/Users/yam/Documents/GitHub/mkr/Content/CCC/StaticMeshes/Enviorment/landscapes/oceanrocks3/Terrainpiece3_NRM_4096.uexp" 438
"/Users/yam/Documents/GitHub/mkr/Content/CCC/StaticMeshes/Enviorment/landscapes/oceanrocks3/Terrainpiece3_NRM_4096.ubulk" 439
"/Users/yam/Documents/GitHub/mkr/Content/CCC/StaticMeshes/Enviorment/landscapes/oceanrocks3/Terrainpiece3_GLOSS_4096.uasset" 440
"/Users/yam/Documents/GitHub/mkr/Content/CCC/StaticMeshes/Enviorment/landscapes/oceanrocks3/Terrainpiece3_GLOSS_4096.uexp" 441
"/Users/yam/Documents/GitHub/mkr/Content/CCC/StaticMeshes/Enviorment/landscapes/oceanrocks3/Terrainpiece3_GLOSS_4096.ubulk" 442
"/Users/yam/Documents/GitHub/mkr/Content/CCC/StaticMeshes/Enviorment/landscapes/oceanrocks3/Terrainpiece3_COL_4096.uasset" 443
"/Users/yam/Documents/GitHub/mkr/Content/CCC/StaticMeshes/Enviorment/landscapes/oceanrocks3/Terrainpiece3_COL_4096.uexp" 444
"/Users/yam/Documents/GitHub/mkr/Content/CCC/StaticMeshes/Enviorment/landscapes/oceanrocks3/Terrainpiece3_COL_4096.ubulk" 445
"/Users/yam/Documents/GitHub/mkr/Content/CCC/StaticMeshes/Enviorment/landscapes/oceanrocks3/Terrainpiece3_AO_4096.uasset" 446
"/Users/yam/Documents/GitHub/mkr/Content/CCC/StaticMeshes/Enviorment/landscapes/oceanrocks3/Terrainpiece3_AO_4096.uexp" 447
"/Users/yam/Documents/GitHub/mkr/Content/CCC/StaticMeshes/Enviorment/landscapes/oceanrocks3/Terrainpiece3_AO_4096.ubulk" 448
"/Users/yam/Documents/GitHub/mkr/Content/CCC/StaticMeshes/Enviorment/landscapes/oceanrocks3/Terrainpiece3.uasset" 449
"/Users/yam/Documents/GitHub/mkr/Content/CCC/StaticMeshes/Enviorment/landscapes/oceanrocks3/Terrainpiece3.uexp" 450
"/Users/yam/Documents/GitHub/mkr/Content/CCC/StaticMeshes/Enviorment/landscapes/oceanrocks3/oceanrocksmkrmap3.uasset" 451
"/Users/yam/Documents/GitHub/mkr/Content/CCC/StaticMeshes/Enviorment/landscapes/oceanrocks3/oceanrocksmkrmap3.uexp" 452
"/Users/yam/Documents/GitHub/mkr/Content/CCC/StaticMeshes/Enviorment/landscapes/oceanrocks2/oceanrock2TTerrain_REFL_4096.uasset" 453
"/Users/yam/Documents/GitHub/mkr/Content/CCC/StaticMeshes/Enviorment/landscapes/oceanrocks2/oceanrock2TTerrain_REFL_4096.uexp" 454
"/Users/yam/Documents/GitHub/mkr/Content/CCC/StaticMeshes/Enviorment/landscapes/oceanrocks2/oceanrock2TTerrain_REFL_4096.ubulk" 455
"/Users/yam/Documents/GitHub/mkr/Content/CCC/StaticMeshes/Enviorment/landscapes/oceanrocks2/oceanrock2TTerrain_NRM_4096.uasset" 456
"/Users/yam/Documents/GitHub/mkr/Content/CCC/StaticMeshes/Enviorment/landscapes/oceanrocks2/oceanrock2TTerrain_NRM_4096.uexp" 457
"/Users/yam/Documents/GitHub/mkr/Content/CCC/StaticMeshes/Enviorment/landscapes/oceanrocks2/oceanrock2TTerrain_NRM_4096.ubulk" 458
"/Users/yam/Documents/GitHub/mkr/Content/CCC/StaticMeshes/Enviorment/landscapes/oceanrocks2/oceanrock2TTerrain_COL_4096.uasset" 459
"/Users/yam/Documents/GitHub/mkr/Content/CCC/StaticMeshes/Enviorment/landscapes/oceanrocks2/oceanrock2TTerrain_COL_4096.uexp" 460
"/Users/yam/Documents/GitHub/mkr/Content/CCC/StaticMeshes/Enviorment/landscapes/oceanrocks2/oceanrock2TTerrain_COL_4096.ubulk" 461
"/Users/yam/Documents/GitHub/mkr/Content/CCC/StaticMeshes/Enviorment/landscapes/oceanrocks2/oceanrock2TTerrain_GLOSS_4096.uasset" 462
"/Users/yam/Documents/GitHub/mkr/Content/CCC/StaticMeshes/Enviorment/landscapes/oceanrocks2/oceanrock2TTerrain_GLOSS_4096.uexp" 463
"/Users/yam/Documents/GitHub/mkr/Content/CCC/StaticMeshes/Enviorment/landscapes/oceanrocks2/oceanrock2TTerrain_GLOSS_4096.ubulk" 464
"/Users/yam/Documents/GitHub/mkr/Content/CCC/StaticMeshes/Enviorment/landscapes/oceanrocks2/Terrainoceanrock2.uasset" 465
"/Users/yam/Documents/GitHub/mkr/Content/CCC/StaticMeshes/Enviorment/landscapes/oceanrocks2/Terrainoceanrock2.uexp" 466
"/Users/yam/Documents/GitHub/mkr/Content/CCC/StaticMeshes/Enviorment/landscapes/oceanrocks2/oceanrocksmkrmap2.uasset" 467
"/Users/yam/Documents/GitHub/mkr/Content/CCC/StaticMeshes/Enviorment/landscapes/oceanrocks2/oceanrocksmkrmap2.uexp" 468
"/Users/yam/Documents/GitHub/mkr/Content/CCC/StaticMeshes/Enviorment/landscapes/oceanrocks1/Terrain_NRM_4096.uasset" 469
"/Users/yam/Documents/GitHub/mkr/Content/CCC/StaticMeshes/Enviorment/landscapes/oceanrocks1/Terrain_NRM_4096.uexp" 470
"/Users/yam/Documents/GitHub/mkr/Content/CCC/StaticMeshes/Enviorment/landscapes/oceanrocks1/Terrain_NRM_4096.ubulk" 471
"/Users/yam/Documents/GitHub/mkr/Content/CCC/StaticMeshes/Enviorment/landscapes/oceanrocks1/Terrain_GLOSS_4096.uasset" 472
"/Users/yam/Documents/GitHub/mkr/Content/CCC/StaticMeshes/Enviorment/landscapes/oceanrocks1/Terrain_GLOSS_4096.uexp" 473
"/Users/yam/Documents/GitHub/mkr/Content/CCC/StaticMeshes/Enviorment/landscapes/oceanrocks1/Terrain_GLOSS_4096.ubulk" 474
"/Users/yam/Documents/GitHub/mkr/Content/CCC/StaticMeshes/Enviorment/landscapes/oceanrocks1/Terrain_COL_4096.uasset" 475
"/Users/yam/Documents/GitHub/mkr/Content/CCC/StaticMeshes/Enviorment/landscapes/oceanrocks1/Terrain_COL_4096.uexp" 476
"/Users/yam/Documents/GitHub/mkr/Content/CCC/StaticMeshes/Enviorment/landscapes/oceanrocks1/Terrain_COL_4096.ubulk" 477
"/Users/yam/Documents/GitHub/mkr/Content/CCC/StaticMeshes/Enviorment/landscapes/oceanrocks1/OccianBakeRocks1.uasset" 478
"/Users/yam/Documents/GitHub/mkr/Content/CCC/StaticMeshes/Enviorment/landscapes/oceanrocks1/OccianBakeRocks1.uexp" 479
"/Users/yam/Documents/GitHub/mkr/Content/CCC/StaticMeshes/Enviorment/landscapes/oceanrocks1/oceanterrian1.uasset" 480
"/Users/yam/Documents/GitHub/mkr/Content/CCC/StaticMeshes/Enviorment/landscapes/oceanrocks1/oceanterrian1.uexp" 481
"../../../Engine/Content/EngineResources/DefaultTexture.uasset" 482
"../../../Engine/Content/EngineResources/DefaultTexture.uexp" 483
"../../../Engine/Content/EngineResources/DefaultTexture.ubulk" 484
"../../../Engine/Content/BasicShapes/Sphere.uasset" 485
"../../../Engine/Content/BasicShapes/Sphere.uexp" 486
"../../../Engine/Content/EngineResources/Black.uasset" 487
"../../../Engine/Content/EngineResources/Black.uexp" 488
"../../../Engine/Content/EngineMaterials/DefaultNormal.uasset" 489
"../../../Engine/Content/EngineMaterials/DefaultNormal.uexp" 490
"../../../Engine/Content/EngineMaterials/DefaultNormal.ubulk" 491
"../../../Engine/Plugins/Experimental/Water/Content/FluidSimulation/WaveFoam/WaterDistanceField.uasset" 492
"../../../Engine/Plugins/Experimental/Water/Content/FluidSimulation/WaveFoam/WaterDistanceField.uexp" 493
"../../../Engine/Content/Functions/Engine_MaterialFunctions01/Gradient/LinearGradient.uasset" 494
"../../../Engine/Content/Functions/Engine_MaterialFunctions01/Gradient/LinearGradient.uexp" 495
"../../../Engine/Content/Functions/Engine_MaterialFunctions01/ImageAdjustment/CheapContrast.uasset" 496
"../../../Engine/Content/Functions/Engine_MaterialFunctions01/ImageAdjustment/CheapContrast.uexp" 497
"../../../Engine/Content/Functions/Engine_MaterialFunctions01/Texturing/FlattenNormal.uasset" 498
"../../../Engine/Content/Functions/Engine_MaterialFunctions01/Texturing/FlattenNormal.uexp" 499
"../../../Engine/Content/Functions/Engine_MaterialFunctions02/Utility/MakeFloat3.uasset" 500
"../../../Engine/Content/Functions/Engine_MaterialFunctions02/Utility/MakeFloat3.uexp" 501
"../../../Engine/Content/Functions/Engine_MaterialFunctions02/Utility/BlendAngleCorrectedNormals.uasset" 502
"../../../Engine/Content/Functions/Engine_MaterialFunctions02/Utility/BlendAngleCorrectedNormals.uexp" 503
"../../../Engine/Plugins/Experimental/Water/Content/Materials/Functions/WorldPositionBehindWater.uasset" 504
"../../../Engine/Plugins/Experimental/Water/Content/Materials/Functions/WorldPositionBehindWater.uexp" 505
"../../../Engine/Plugins/Experimental/Water/Content/Materials/Functions/WorldNormalBehindWater.uasset" 506
"../../../Engine/Plugins/Experimental/Water/Content/Materials/Functions/WorldNormalBehindWater.uexp" 507
"../../../Engine/Plugins/Experimental/Water/Content/Materials/Functions/HighQualityTextureFiltering.uasset" 508
"../../../Engine/Plugins/Experimental/Water/Content/Materials/Functions/HighQualityTextureFiltering.uexp" 509
"../../../Engine/Plugins/Experimental/Water/Content/Materials/MPC/MPC_Water.uasset" 510
"../../../Engine/Plugins/Experimental/Water/Content/Materials/MPC/MPC_Water.uexp" 511
"../../../Engine/Content/Functions/Engine_MaterialFunctions02/PivotPainter2/Black_1x1_EXR_Texture.uasset" 512
"../../../Engine/Content/Functions/Engine_MaterialFunctions02/PivotPainter2/Black_1x1_EXR_Texture.uexp" 513
"../../../Engine/Plugins/Experimental/Water/Content/Materials/Functions/WaterBodyData.uasset" 514
"../../../Engine/Plugins/Experimental/Water/Content/Materials/Functions/WaterBodyData.uexp" 515
"../../../Engine/Plugins/Experimental/Water/Content/Materials/Functions/WaveVelocityMask.uasset" 516
"../../../Engine/Plugins/Experimental/Water/Content/Materials/Functions/WaveVelocityMask.uexp" 517
"../../../Engine/Plugins/Experimental/Water/Content/Materials/Functions/ComputeWavesAttenuationFactor.uasset" 518
"../../../Engine/Plugins/Experimental/Water/Content/Materials/Functions/ComputeWavesAttenuationFactor.uexp" 519
"../../../Engine/Plugins/Experimental/Water/Content/Materials/Functions/WaveDepthFalloff_Overrides.uasset" 520
"../../../Engine/Plugins/Experimental/Water/Content/Materials/Functions/WaveDepthFalloff_Overrides.uexp" 521
"../../../Engine/Content/Functions/Engine_MaterialFunctions02/Math/TimeWithSpeedVariable.uasset" 522
"../../../Engine/Content/Functions/Engine_MaterialFunctions02/Math/TimeWithSpeedVariable.uexp" 523
"../../../Engine/Plugins/Experimental/Water/Content/Materials/Functions/WaterTextureWaves.uasset" 524
"../../../Engine/Plugins/Experimental/Water/Content/Materials/Functions/WaterTextureWaves.uexp" 525
"../../../Engine/Plugins/Experimental/Water/Content/Textures/Normals/T_Water_TilingNormal_With_Height_02_Softened.uasset" 526
"../../../Engine/Plugins/Experimental/Water/Content/Textures/Normals/T_Water_TilingNormal_With_Height_02_Softened.uexp" 527
"../../../Engine/Plugins/Experimental/Water/Content/Textures/Normals/T_Water_TilingNormal_With_Height_02_Softened.ubulk" 528
"../../../Engine/Plugins/Experimental/Water/Content/Materials/Functions/WaterTextureSurface.uasset" 529
"../../../Engine/Plugins/Experimental/Water/Content/Materials/Functions/WaterTextureSurface.uexp" 530
"../../../Engine/Content/Functions/Engine_MaterialFunctions02/ExampleContent/Textures/water_n.uasset" 531
"../../../Engine/Content/Functions/Engine_MaterialFunctions02/ExampleContent/Textures/water_n.uexp" 532
"../../../Engine/Content/Functions/Engine_MaterialFunctions02/ExampleContent/Textures/water_n.ubulk" 533
"../../../Engine/Content/Functions/Engine_MaterialFunctions02/ExampleContent/Textures/water_d.uasset" 534
"../../../Engine/Content/Functions/Engine_MaterialFunctions02/ExampleContent/Textures/water_d.uexp" 535
"../../../Engine/Content/Functions/Engine_MaterialFunctions02/ExampleContent/Textures/water_d.ubulk" 536
"../../../Engine/Content/Functions/Engine_MaterialFunctions02/ExampleContent/Textures/LowResBlurredNoise.uasset" 537
"../../../Engine/Content/Functions/Engine_MaterialFunctions02/ExampleContent/Textures/LowResBlurredNoise.uexp" 538
"../../../Engine/Content/Functions/Engine_MaterialFunctions02/Math/AddComponents.uasset" 539
"../../../Engine/Content/Functions/Engine_MaterialFunctions02/Math/AddComponents.uexp" 540
"../../../Engine/Content/Functions/Engine_MaterialFunctions02/Math/MakeVectorsOrthogonal.uasset" 541
"../../../Engine/Content/Functions/Engine_MaterialFunctions02/Math/MakeVectorsOrthogonal.uexp" 542
"../../../Engine/Content/Functions/Engine_MaterialFunctions01/Texturing/ComputeMipLevel.uasset" 543
"../../../Engine/Content/Functions/Engine_MaterialFunctions01/Texturing/ComputeMipLevel.uexp" 544
"../../../Engine/Content/Functions/Engine_MaterialFunctions02/Math/Transform3x3Matrix.uasset" 545
"../../../Engine/Content/Functions/Engine_MaterialFunctions02/Math/Transform3x3Matrix.uexp" 546
"../../../Engine/Content/Functions/Engine_MaterialFunctions02/Utility/LinearSine.uasset" 547
"../../../Engine/Content/Functions/Engine_MaterialFunctions02/Utility/LinearSine.uexp" 548
"../../../Engine/Content/Functions/Engine_MaterialFunctions02/Texturing/Flowmaps.uasset" 549
"../../../Engine/Content/Functions/Engine_MaterialFunctions02/Texturing/Flowmaps.uexp" 550
"../../../Engine/Content/Functions/Engine_MaterialFunctions01/Coordinates/WorldPosition-XY.uasset" 551
"../../../Engine/Content/Functions/Engine_MaterialFunctions01/Coordinates/WorldPosition-XY.uexp" 552
"../../../Engine/Plugins/Experimental/Water/Content/Materials/Functions/WaterRiverFlowmaps.uasset" 553
"../../../Engine/Plugins/Experimental/Water/Content/Materials/Functions/WaterRiverFlowmaps.uexp" 554
"../../../Engine/Plugins/Experimental/Water/Content/Materials/Functions/WaterOpacityMaskFromDepth.uasset" 555
"../../../Engine/Plugins/Experimental/Water/Content/Materials/Functions/WaterOpacityMaskFromDepth.uexp" 556
"../../../Engine/Plugins/Experimental/Water/Content/Materials/Functions/WaterHeightMappingVS.uasset" 557
"../../../Engine/Plugins/Experimental/Water/Content/Materials/Functions/WaterHeightMappingVS.uexp" 558
"../../../Engine/Plugins/Experimental/Water/Content/Materials/Functions/WaterCoefficientMask.uasset" 559
"../../../Engine/Plugins/Experimental/Water/Content/Materials/Functions/WaterCoefficientMask.uexp" 560
"../../../Engine/Plugins/Experimental/Water/Content/Materials/Functions/Water_Underside.uasset" 561
"../../../Engine/Plugins/Experimental/Water/Content/Materials/Functions/Water_Underside.uexp" 562
"../../../Engine/Plugins/Experimental/Water/Content/Materials/Layers/WaterAttributes.uasset" 563
"../../../Engine/Plugins/Experimental/Water/Content/Materials/Layers/WaterAttributes.uexp" 564
"../../../Engine/Plugins/Experimental/Water/Content/Materials/Functions/SetWaveAttributes.uasset" 565
"../../../Engine/Plugins/Experimental/Water/Content/Materials/Functions/SetWaveAttributes.uexp" 566
"../../../Engine/Plugins/Experimental/Water/Content/FluidSimulation/Materials/Functions/Fluidsim_WorldPosition_to_UV.uasset" 567
"../../../Engine/Plugins/Experimental/Water/Content/FluidSimulation/Materials/Functions/Fluidsim_WorldPosition_to_UV.uexp" 568
"../../../Engine/Plugins/Experimental/Water/Content/Textures/Foam/T_WaterFlow_01_Foam_Tiled.uasset" 569
"../../../Engine/Plugins/Experimental/Water/Content/Textures/Foam/T_WaterFlow_01_Foam_Tiled.uexp" 570
"../../../Engine/Plugins/Experimental/Water/Content/Textures/Foam/T_WaterFlow_01_Foam_Tiled.ubulk" 571
"../../../Engine/Plugins/Experimental/Water/Content/Textures/Foam/T_WaterFlow_01_Foam_Tiled_N.uasset" 572
"../../../Engine/Plugins/Experimental/Water/Content/Textures/Foam/T_WaterFlow_01_Foam_Tiled_N.uexp" 573
"../../../Engine/Plugins/Experimental/Water/Content/Textures/Foam/T_WaterFlow_01_Foam_Tiled_N.ubulk" 574
"../../../Engine/Content/Functions/Engine_MaterialFunctions01/Opacity/AlphaOffset.uasset" 575
"../../../Engine/Content/Functions/Engine_MaterialFunctions01/Opacity/AlphaOffset.uexp" 576
"../../../Engine/Content/Functions/Engine_MaterialFunctions02/Texturing/HeightLerp.uasset" 577
"../../../Engine/Content/Functions/Engine_MaterialFunctions02/Texturing/HeightLerp.uexp" 578
"../../../Engine/Content/Functions/Engine_MaterialFunctions01/Gradient/BoxMask-2D.uasset" 579
"../../../Engine/Content/Functions/Engine_MaterialFunctions01/Gradient/BoxMask-2D.uexp" 580
"../../../Engine/Plugins/Experimental/Water/Content/Materials/Functions/SampleFluidSimulation.uasset" 581
"../../../Engine/Plugins/Experimental/Water/Content/Materials/Functions/SampleFluidSimulation.uexp" 582
"../../../Engine/Plugins/Experimental/Water/Content/Materials/Functions/GetWaterTime.uasset" 583
"../../../Engine/Plugins/Experimental/Water/Content/Materials/Functions/GetWaterTime.uexp" 584
"../../../Engine/Plugins/Experimental/Water/Content/Materials/Functions/ComputeGerstnerWaves.uasset" 585
"../../../Engine/Plugins/Experimental/Water/Content/Materials/Functions/ComputeGerstnerWaves.uexp" 586
"../../../Engine/Plugins/Experimental/Water/Content/Caustics/Materials/Functions/GetDistortionUV.uasset" 587
"../../../Engine/Plugins/Experimental/Water/Content/Caustics/Materials/Functions/GetDistortionUV.uexp" 588
"../../../Engine/Plugins/Experimental/Water/Content/Caustics/Materials/Functions/WaterCaustics_GerstnerWaves.uasset" 589
"../../../Engine/Plugins/Experimental/Water/Content/Caustics/Materials/Functions/WaterCaustics_GerstnerWaves.uexp" 590
"../../../Engine/Plugins/Experimental/Water/Content/FluidSimulation/WaveFoam/FoamRT.uasset" 591
"../../../Engine/Plugins/Experimental/Water/Content/FluidSimulation/WaveFoam/FoamRT.uexp" 592
"../../../Engine/Content/Functions/Engine_MaterialFunctions03/Procedurals/NormalFromHeightmap.uasset" 593
"../../../Engine/Content/Functions/Engine_MaterialFunctions03/Procedurals/NormalFromHeightmap.uexp" 594
"../../../Engine/Content/EngineSky/VolumetricClouds/T_NoiseShape.uasset" 595
"../../../Engine/Content/EngineSky/VolumetricClouds/T_NoiseShape.uexp" 596
"../../../Engine/Content/EngineSky/VolumetricClouds/T_NoiseShape.ubulk" 597
"../../../Engine/Content/EngineSky/VolumetricClouds/T_NoiseShape.uptnl" 598
"../../../Engine/Content/EngineSky/VolumetricClouds/T_VolumeNoiseShape128.uasset" 599
"../../../Engine/Content/EngineSky/VolumetricClouds/T_VolumeNoiseShape128.uexp" 600
"../../../Engine/Plugins/Experimental/Water/Content/Materials/Layers/BeachFoam.uasset" 601
"../../../Engine/Plugins/Experimental/Water/Content/Materials/Layers/BeachFoam.uexp" 602
"../../../Engine/Plugins/Experimental/Landmass/Content/Landscape/BlueprintBrushes/MPC/MPC_Landscape.uasset" 603
"../../../Engine/Plugins/Experimental/Landmass/Content/Landscape/BlueprintBrushes/MPC/MPC_Landscape.uexp" 604
"../../../Engine/Plugins/Experimental/Water/Content/Materials/WaterSurface/Water_Material.uasset" 605
"../../../Engine/Plugins/Experimental/Water/Content/Materials/WaterSurface/Water_Material.uexp" 606
"../../../Engine/Plugins/Experimental/Water/Content/Materials/WaterSurface/Water_Material_Inst.uasset" 607
"../../../Engine/Plugins/Experimental/Water/Content/Materials/WaterSurface/Water_Material_Inst.uexp" 608
"../../../Engine/Plugins/Experimental/Water/Content/Materials/WaterSurface/Water_Material_Ocean.uasset" 609
"../../../Engine/Plugins/Experimental/Water/Content/Materials/WaterSurface/Water_Material_Ocean.uexp" 610
"../../../Engine/Content/Functions/Engine_MaterialFunctions02/Texturing/CustomRotator.uasset" 611
"../../../Engine/Content/Functions/Engine_MaterialFunctions02/Texturing/CustomRotator.uexp" 612
"../../../Engine/Content/Functions/Engine_MaterialFunctions03/ComplexMotion/Motion_4WayChaos.uasset" 613
"../../../Engine/Content/Functions/Engine_MaterialFunctions03/ComplexMotion/Motion_4WayChaos.uexp" 614
"/Users/yam/Documents/GitHub/mkr/Content/WaterfallTool/Materials/Functions/MF_CustomWorldAlignedTextureMotion.uasset" 615
"/Users/yam/Documents/GitHub/mkr/Content/WaterfallTool/Materials/Functions/MF_CustomWorldAlignedTextureMotion.uexp" 616
"/Users/yam/Documents/GitHub/mkr/Content/WaterfallTool/Materials/Functions/MF_CustomDistanceFieldGradient.uasset" 617
"/Users/yam/Documents/GitHub/mkr/Content/WaterfallTool/Materials/Functions/MF_CustomDistanceFieldGradient.uexp" 618
"/Users/yam/Documents/GitHub/mkr/Content/WaterfallTool/Materials/M_Waterfall.uasset" 619
"/Users/yam/Documents/GitHub/mkr/Content/WaterfallTool/Materials/M_Waterfall.uexp" 620
"/Users/yam/Documents/GitHub/mkr/Content/WaterfallTool/Materials/MI_Waterfall.uasset" 621
"/Users/yam/Documents/GitHub/mkr/Content/WaterfallTool/Materials/MI_Waterfall.uexp" 622
"../../../Engine/Content/Functions/Engine_MaterialFunctions01/Volumetrics/SchlickPhase.uasset" 623
"../../../Engine/Content/Functions/Engine_MaterialFunctions01/Volumetrics/SchlickPhase.uexp" 624
"../../../Engine/Content/Functions/Engine_MaterialFunctions02/ExampleContent/Textures/DebugNumberPeriod.uasset" 625
"../../../Engine/Content/Functions/Engine_MaterialFunctions02/ExampleContent/Textures/DebugNumberPeriod.uexp" 626
"../../../Engine/Content/Functions/Engine_MaterialFunctions02/ExampleContent/DebugNumberStrip.uasset" 627
"../../../Engine/Content/Functions/Engine_MaterialFunctions02/ExampleContent/DebugNumberStrip.uexp" 628
"../../../Engine/Content/Functions/Engine_MaterialFunctions02/ScreenResolution.uasset" 629
"../../../Engine/Content/Functions/Engine_MaterialFunctions02/ScreenResolution.uexp" 630
"../../../Engine/Content/Functions/Engine_MaterialFunctions01/Texturing/ScaleUVsByCenter.uasset" 631
"../../../Engine/Content/Functions/Engine_MaterialFunctions01/Texturing/ScaleUVsByCenter.uexp" 632
"../../../Engine/Content/Functions/Engine_MaterialFunctions02/Texturing/ScreenAlignedUVs.uasset" 633
"../../../Engine/Content/Functions/Engine_MaterialFunctions02/Texturing/ScreenAlignedUVs.uexp" 634
"../../../Engine/Content/Functions/Engine_MaterialFunctions01/Texturing/TextureCropping.uasset" 635
"../../../Engine/Content/Functions/Engine_MaterialFunctions01/Texturing/TextureCropping.uexp" 636
"../../../Engine/Content/Functions/Engine_MaterialFunctions02/Utility/DebugScalarValues.uasset" 637
"../../../Engine/Content/Functions/Engine_MaterialFunctions02/Utility/DebugScalarValues.uexp" 638
"../../../Engine/Plugins/Experimental/Water/Content/Materials/PostProcessing/M_UnderWater_PostProcess_Volume.uasset" 639
"../../../Engine/Plugins/Experimental/Water/Content/Materials/PostProcessing/M_UnderWater_PostProcess_Volume.uexp" 640
"../../../Engine/Content/MapTemplates/TilingNoise05.uasset" 641
"../../../Engine/Content/MapTemplates/TilingNoise05.uexp" 642
"../../../Engine/Content/MapTemplates/TilingNoise05.ubulk" 643
"../../../Engine/Content/Functions/Engine_MaterialFunctions02/SplitComponents.uasset" 644
"../../../Engine/Content/Functions/Engine_MaterialFunctions02/SplitComponents.uexp" 645
"../../../Engine/Content/EngineSky/M_SkyTimeOfDay.uasset" 646
"../../../Engine/Content/EngineSky/M_SkyTimeOfDay.uexp" 647
"../../../Engine/Plugins/Experimental/Water/Content/Curves/FloatCurve.uasset" 648
"../../../Engine/Plugins/Experimental/Water/Content/Curves/FloatCurve.uexp" 649
"../../../Engine/Content/EditorBlueprintResources/StandardMacros.uasset" 650
"../../../Engine/Content/EditorBlueprintResources/StandardMacros.uexp" 651
"/Users/yam/Documents/GitHub/mkr/Content/WaterfallTool/Textures/Splash_BC.uasset" 652
"/Users/yam/Documents/GitHub/mkr/Content/WaterfallTool/Textures/Splash_BC.uexp" 653
"/Users/yam/Documents/GitHub/mkr/Content/WaterfallTool/Materials/Effects/M_Splash.uasset" 654
"/Users/yam/Documents/GitHub/mkr/Content/WaterfallTool/Materials/Effects/M_Splash.uexp" 655
"/Users/yam/Documents/GitHub/mkr/Content/WaterfallTool/Textures/BigSplash_BC.uasset" 656
"/Users/yam/Documents/GitHub/mkr/Content/WaterfallTool/Textures/BigSplash_BC.uexp" 657
"/Users/yam/Documents/GitHub/mkr/Content/WaterfallTool/Materials/Effects/M_BigSplash.uasset" 658
"/Users/yam/Documents/GitHub/mkr/Content/WaterfallTool/Materials/Effects/M_BigSplash.uexp" 659
"/Users/yam/Documents/GitHub/mkr/Content/WaterfallTool/Particles/PS_BottomSplash.uasset" 660
"/Users/yam/Documents/GitHub/mkr/Content/WaterfallTool/Particles/PS_BottomSplash.uexp" 661
"/Users/yam/Documents/GitHub/mkr/Content/WaterfallTool/Blueprints/Data/AdditionalCascades.uasset" 662
"/Users/yam/Documents/GitHub/mkr/Content/WaterfallTool/Blueprints/Data/AdditionalCascades.uexp" 663
"/Users/yam/Documents/GitHub/mkr/Content/WaterfallTool/Particles/PS_TopSplash.uasset" 664
"/Users/yam/Documents/GitHub/mkr/Content/WaterfallTool/Particles/PS_TopSplash.uexp" 665
"/Users/yam/Documents/GitHub/mkr/Content/WaterfallTool/Models/SM_WaterfallPlane.uasset" 666
"/Users/yam/Documents/GitHub/mkr/Content/WaterfallTool/Models/SM_WaterfallPlane.uexp" 667
"/Users/yam/Documents/GitHub/mkr/Content/WaterfallTool/Textures/Mist_BC.uasset" 668
"/Users/yam/Documents/GitHub/mkr/Content/WaterfallTool/Textures/Mist_BC.uexp" 669
"/Users/yam/Documents/GitHub/mkr/Content/WaterfallTool/Materials/Effects/M_Mist.uasset" 670
"/Users/yam/Documents/GitHub/mkr/Content/WaterfallTool/Materials/Effects/M_Mist.uexp" 671
"/Users/yam/Documents/GitHub/mkr/Content/WaterfallTool/Particles/PS_Mist.uasset" 672
"/Users/yam/Documents/GitHub/mkr/Content/WaterfallTool/Particles/PS_Mist.uexp" 673
"/Users/yam/Documents/GitHub/mkr/Content/WaterfallTool/Blueprints/BP_WaterfallTool.uasset" 674
"/Users/yam/Documents/GitHub/mkr/Content/WaterfallTool/Blueprints/BP_WaterfallTool.uexp" 675
"/Users/yam/Documents/GitHub/mkr/Content/Maps/track/trackpiece3/trackpart3_Bake1trackpart3_PBR_Roughness.uasset" 676
"/Users/yam/Documents/GitHub/mkr/Content/Maps/track/trackpiece3/trackpart3_Bake1trackpart3_PBR_Roughness.uexp" 677
"/Users/yam/Documents/GitHub/mkr/Content/Maps/track/trackpiece3/trackpart3_Bake1trackpart3_PBR_Roughness.ubulk" 678
"/Users/yam/Documents/GitHub/mkr/Content/Maps/track/trackpiece3/newtrackpart3_Bake1trackpart3_PBR_Normal.uasset" 679
"/Users/yam/Documents/GitHub/mkr/Content/Maps/track/trackpiece3/newtrackpart3_Bake1trackpart3_PBR_Normal.uexp" 680
"/Users/yam/Documents/GitHub/mkr/Content/Maps/track/trackpiece3/newtrackpart3_Bake1trackpart3_PBR_Normal.ubulk" 681
"/Users/yam/Documents/GitHub/mkr/Content/Maps/track/trackpiece3/trackpart3_Bake1trackpart3_PBR_Alpha.uasset" 682
"/Users/yam/Documents/GitHub/mkr/Content/Maps/track/trackpiece3/trackpart3_Bake1trackpart3_PBR_Alpha.uexp" 683
"/Users/yam/Documents/GitHub/mkr/Content/Maps/track/trackpiece3/trackpart3_Bake1trackpart3_PBR_Alpha.ubulk" 684
"/Users/yam/Documents/GitHub/mkr/Content/Maps/track/trackpiece3/trackpart3_Baked_002.uasset" 685
"/Users/yam/Documents/GitHub/mkr/Content/Maps/track/trackpiece3/trackpart3_Baked_002.uexp" 686
"/Users/yam/Documents/GitHub/mkr/Content/Maps/track/trackpiece3/trackpart3.uasset" 687
"/Users/yam/Documents/GitHub/mkr/Content/Maps/track/trackpiece3/trackpart3.uexp" 688
"../../../Engine/Content/EngineMaterials/PhysMat_Metal.uasset" 689
"../../../Engine/Content/EngineMaterials/PhysMat_Metal.uexp" 690
"/Users/yam/Documents/GitHub/mkr/Content/Maps/track/spline2.uasset" 691
"/Users/yam/Documents/GitHub/mkr/Content/Maps/track/spline2.uexp" 692
"/Users/yam/Documents/GitHub/mkr/Content/VehicleSystem/HDRi/HDRI_Epic_Courtyard_Daylight.uasset" 693
"/Users/yam/Documents/GitHub/mkr/Content/VehicleSystem/HDRi/HDRI_Epic_Courtyard_Daylight.uexp" 694
"../../../Engine/Content/Functions/Engine_MaterialFunctions02/Utility/CustomReflectionVector.uasset" 695
"../../../Engine/Content/Functions/Engine_MaterialFunctions02/Utility/CustomReflectionVector.uexp" 696
"../../../Engine/Content/Functions/Engine_MaterialFunctions02/Fresnel_Function.uasset" 697
"../../../Engine/Content/Functions/Engine_MaterialFunctions02/Fresnel_Function.uexp" 698
"/Users/yam/Documents/GitHub/mkr/Content/VehicleSystem/DemoAssets/Materials/AutomotiveMaterials/Materials/Glass/M_Glass.uasset" 699
"/Users/yam/Documents/GitHub/mkr/Content/VehicleSystem/DemoAssets/Materials/AutomotiveMaterials/Materials/Glass/M_Glass.uexp" 700
"/Users/yam/Documents/GitHub/mkr/Content/Maps/track/trackpiece2test/Metal_wire_Roughness.uasset" 701
"/Users/yam/Documents/GitHub/mkr/Content/Maps/track/trackpiece2test/Metal_wire_Roughness.uexp" 702
"/Users/yam/Documents/GitHub/mkr/Content/Maps/track/trackpiece2test/Metal_wire_Roughness.ubulk" 703
"/Users/yam/Documents/GitHub/mkr/Content/Maps/track/trackpiece2test/Metal_wire_Normal.uasset" 704
"/Users/yam/Documents/GitHub/mkr/Content/Maps/track/trackpiece2test/Metal_wire_Normal.uexp" 705
"/Users/yam/Documents/GitHub/mkr/Content/Maps/track/trackpiece2test/Metal_wire_Normal.ubulk" 706
"/Users/yam/Documents/GitHub/mkr/Content/Maps/track/trackpiece2test/Metal_wire_Alpha.uasset" 707
"/Users/yam/Documents/GitHub/mkr/Content/Maps/track/trackpiece2test/Metal_wire_Alpha.uexp" 708
"/Users/yam/Documents/GitHub/mkr/Content/Maps/track/trackpiece2test/Metal_wire_Alpha.ubulk" 709
"/Users/yam/Documents/GitHub/mkr/Content/Maps/track/trackpiece2test/wiremetal.uasset" 710
"/Users/yam/Documents/GitHub/mkr/Content/Maps/track/trackpiece2test/wiremetal.uexp" 711
"/Users/yam/Documents/GitHub/mkr/Content/Maps/track/trackpiece2test/track2test_track2bake_PBR_Diffuse.uasset" 712
"/Users/yam/Documents/GitHub/mkr/Content/Maps/track/trackpiece2test/track2test_track2bake_PBR_Diffuse.uexp" 713
"/Users/yam/Documents/GitHub/mkr/Content/Maps/track/trackpiece2test/track2test_track2bake_PBR_Diffuse.ubulk" 714
"/Users/yam/Documents/GitHub/mkr/Content/Maps/track/trackpiece2test/track2test_track2bake_PBR_Roughness.uasset" 715
"/Users/yam/Documents/GitHub/mkr/Content/Maps/track/trackpiece2test/track2test_track2bake_PBR_Roughness.uexp" 716
"/Users/yam/Documents/GitHub/mkr/Content/Maps/track/trackpiece2test/track2test_track2bake_PBR_Roughness.ubulk" 717
"/Users/yam/Documents/GitHub/mkr/Content/Maps/track/trackpiece2test/track2test_track2bake_PBR_Metalness.uasset" 718
"/Users/yam/Documents/GitHub/mkr/Content/Maps/track/trackpiece2test/track2test_track2bake_PBR_Metalness.uexp" 719
"/Users/yam/Documents/GitHub/mkr/Content/Maps/track/trackpiece2test/track2test_track2bake_PBR_Metalness.ubulk" 720
"/Users/yam/Documents/GitHub/mkr/Content/Maps/track/trackpiece2test/track2test_track2bake_PBR_Emission.uasset" 721
"/Users/yam/Documents/GitHub/mkr/Content/Maps/track/trackpiece2test/track2test_track2bake_PBR_Emission.uexp" 722
"/Users/yam/Documents/GitHub/mkr/Content/Maps/track/trackpiece2test/track2test_track2bake_PBR_Emission.ubulk" 723
"/Users/yam/Documents/GitHub/mkr/Content/Maps/track/trackpiece2test/track2test_Baked.uasset" 724
"/Users/yam/Documents/GitHub/mkr/Content/Maps/track/trackpiece2test/track2test_Baked.uexp" 725
"/Users/yam/Documents/GitHub/mkr/Content/Maps/track/trackpiece2test/track24watermap.uasset" 726
"/Users/yam/Documents/GitHub/mkr/Content/Maps/track/trackpiece2test/track24watermap.uexp" 727
"/Users/yam/Documents/GitHub/mkr/Content/Maps/track/spline.uasset" 728
"/Users/yam/Documents/GitHub/mkr/Content/Maps/track/spline.uexp" 729
"/Users/yam/Documents/GitHub/mkr/Content/Race/Textures/6_Number_001_BaseColor.uasset" 730
"/Users/yam/Documents/GitHub/mkr/Content/Race/Textures/6_Number_001_BaseColor.uexp" 731
"/Users/yam/Documents/GitHub/mkr/Content/Race/Textures/6_Number_001_BaseColor.ubulk" 732
"/Users/yam/Documents/GitHub/mkr/Content/CCC/Materials/Checkpoints/CheckpointMarkerGradient_Mat.uasset" 733
"/Users/yam/Documents/GitHub/mkr/Content/CCC/Materials/Checkpoints/CheckpointMarkerGradient_Mat.uexp" 734
"/Users/yam/Documents/GitHub/mkr/Content/CCC/StaticMeshes/SM_CheckpointCylinder.uasset" 735
"/Users/yam/Documents/GitHub/mkr/Content/CCC/StaticMeshes/SM_CheckpointCylinder.uexp" 736
"/Users/yam/Documents/GitHub/mkr/Content/Cyberpunk_RPG_UI_27/UI_Parts/pop_up_line3.uasset" 737
"/Users/yam/Documents/GitHub/mkr/Content/Cyberpunk_RPG_UI_27/UI_Parts/pop_up_line3.uexp" 738
"/Users/yam/Documents/GitHub/mkr/Content/Cyberpunk_RPG_UI_27/UI_Parts/pop_up_line3.ubulk" 739
"/Users/yam/Documents/GitHub/mkr/Content/Cyberpunk_RPG_UI_27/UI_Parts/Big_square_frame_b.uasset" 740
"/Users/yam/Documents/GitHub/mkr/Content/Cyberpunk_RPG_UI_27/UI_Parts/Big_square_frame_b.uexp" 741
"/Users/yam/Documents/GitHub/mkr/Content/Cyberpunk_RPG_UI_27/UI_Parts/Big_square_frame_b.ubulk" 742
"/Users/yam/Documents/GitHub/mkr/Content/Maps/WG_MainMenu.uasset" 743
"/Users/yam/Documents/GitHub/mkr/Content/Maps/WG_MainMenu.uexp" 744
"/Users/yam/Documents/GitHub/mkr/Content/Cyberpunk_RPG_UI_27/Icons_256_256/50_Power.uasset" 745
"/Users/yam/Documents/GitHub/mkr/Content/Cyberpunk_RPG_UI_27/Icons_256_256/50_Power.uexp" 746
"/Users/yam/Documents/GitHub/mkr/Content/Cyberpunk_RPG_UI_27/Icons_256_256/50_Power.ubulk" 747
"/Users/yam/Documents/GitHub/mkr/Content/CCC/Materials/Checkpoints/CheckpointMarker_Mat.uasset" 748
"/Users/yam/Documents/GitHub/mkr/Content/CCC/Materials/Checkpoints/CheckpointMarker_Mat.uexp" 749
"/Users/yam/Documents/GitHub/mkr/Content/CCC/StaticMeshes/SM_CheckpointHoop.uasset" 750
"/Users/yam/Documents/GitHub/mkr/Content/CCC/StaticMeshes/SM_CheckpointHoop.uexp" 751
"/Users/yam/Documents/GitHub/mkr/Content/CCC/Materials/Checkpoints/CheckpointArrow_Mat.uasset" 752
"/Users/yam/Documents/GitHub/mkr/Content/CCC/Materials/Checkpoints/CheckpointArrow_Mat.uexp" 753
"/Users/yam/Documents/GitHub/mkr/Content/CCC/StaticMeshes/SM_CheckpointArrow.uasset" 754
"/Users/yam/Documents/GitHub/mkr/Content/CCC/StaticMeshes/SM_CheckpointArrow.uexp" 755
"/Users/yam/Documents/GitHub/mkr/Content/CCC/Blueprints/Enums/E_TrophyRecord.uasset" 756
"/Users/yam/Documents/GitHub/mkr/Content/CCC/Blueprints/Enums/E_TrophyRecord.uexp" 757
"/Users/yam/Documents/GitHub/mkr/Content/CCC/Blueprints/Enums/E_CheckpointType_PerIndex.uasset" 758
"/Users/yam/Documents/GitHub/mkr/Content/CCC/Blueprints/Enums/E_CheckpointType_PerIndex.uexp" 759
"/Users/yam/Documents/GitHub/mkr/Content/CCC/Blueprints/Enums/E_CheckpointType.uasset" 760
"/Users/yam/Documents/GitHub/mkr/Content/CCC/Blueprints/Enums/E_CheckpointType.uexp" 761
"/Users/yam/Documents/GitHub/mkr/Content/CCC/Blueprints/Enums/E_CheckpointComponent.uasset" 762
"/Users/yam/Documents/GitHub/mkr/Content/CCC/Blueprints/Enums/E_CheckpointComponent.uexp" 763
"../../../Engine/Content/Functions/Engine_MaterialFunctions03/Particles/Distance_Blend.uasset" 764
"../../../Engine/Content/Functions/Engine_MaterialFunctions03/Particles/Distance_Blend.uexp" 765
"/Users/yam/Documents/GitHub/mkr/Content/CCC/Textures/Particle/T_Smoke.uasset" 766
"/Users/yam/Documents/GitHub/mkr/Content/CCC/Textures/Particle/T_Smoke.uexp" 767
"/Users/yam/Documents/GitHub/mkr/Content/CCC/Textures/Particle/T_Smoke.ubulk" 768
"/Users/yam/Documents/GitHub/mkr/Content/CCC/Materials/Particle/M_SmokeParticle_Additive.uasset" 769
"/Users/yam/Documents/GitHub/mkr/Content/CCC/Materials/Particle/M_SmokeParticle_Additive.uexp" 770
"../../../Engine/Content/Functions/Engine_MaterialFunctions01/Density/ExponentialDensity.uasset" 771
"../../../Engine/Content/Functions/Engine_MaterialFunctions01/Density/ExponentialDensity.uexp" 772
"../../../Engine/Content/Functions/Engine_MaterialFunctions01/Gradient/RadialGradientExponential.uasset" 773
"../../../Engine/Content/Functions/Engine_MaterialFunctions01/Gradient/RadialGradientExponential.uexp" 774
"/Users/yam/Documents/GitHub/mkr/Content/CCC/Materials/Particle/M_RadialGradientParticle.uasset" 775
"/Users/yam/Documents/GitHub/mkr/Content/CCC/Materials/Particle/M_RadialGradientParticle.uexp" 776
"/Users/yam/Documents/GitHub/mkr/Content/CCC/Particles/PS_FlareSmoke.uasset" 777
"/Users/yam/Documents/GitHub/mkr/Content/CCC/Particles/PS_FlareSmoke.uexp" 778
"/Users/yam/Documents/GitHub/mkr/Content/CCC/Blueprints/Enums/E_FinalPointBehavior.uasset" 779
"/Users/yam/Documents/GitHub/mkr/Content/CCC/Blueprints/Enums/E_FinalPointBehavior.uexp" 780
"/Users/yam/Documents/GitHub/mkr/Content/CCC/Blueprints/Enums/E_CheckpointVisibility.uasset" 781
"/Users/yam/Documents/GitHub/mkr/Content/CCC/Blueprints/Enums/E_CheckpointVisibility.uexp" 782
"../../../Engine/Content/EditorSounds/GamePreview/StartPlayInEditor.uasset" 783
"../../../Engine/Content/EditorSounds/GamePreview/StartPlayInEditor.uexp" 784
"/Users/yam/Documents/GitHub/mkr/Content/CCC/Textures/Car/Mirrors/T_UIMirror_Rear.uasset" 785
"/Users/yam/Documents/GitHub/mkr/Content/CCC/Textures/Car/Mirrors/T_UIMirror_Rear.uexp" 786
"/Users/yam/Documents/GitHub/mkr/Content/CCC/Materials/Car/Mirrors/M_UI_Mirror.uasset" 787
"/Users/yam/Documents/GitHub/mkr/Content/CCC/Materials/Car/Mirrors/M_UI_Mirror.uexp" 788
"/Users/yam/Documents/GitHub/mkr/Content/CCC/Textures/WidgetTextures/Trophies/T_Trophy_Bronze_Icon.uasset" 789
"/Users/yam/Documents/GitHub/mkr/Content/CCC/Textures/WidgetTextures/Trophies/T_Trophy_Bronze_Icon.uexp" 790
"/Users/yam/Documents/GitHub/mkr/Content/CCC/Textures/WidgetTextures/Trophies/T_Trophy_Gold.uasset" 791
"/Users/yam/Documents/GitHub/mkr/Content/CCC/Textures/WidgetTextures/Trophies/T_Trophy_Gold.uexp" 792
"/Users/yam/Documents/GitHub/mkr/Content/CCC/Textures/WidgetTextures/Trophies/T_Trophy_Bronze.uasset" 793
"/Users/yam/Documents/GitHub/mkr/Content/CCC/Textures/WidgetTextures/Trophies/T_Trophy_Bronze.uexp" 794
"/Users/yam/Documents/GitHub/mkr/Content/CCC/Textures/WidgetTextures/Trophies/T_Trophy_Silver_Icon.uasset" 795
"/Users/yam/Documents/GitHub/mkr/Content/CCC/Textures/WidgetTextures/Trophies/T_Trophy_Silver_Icon.uexp" 796
"/Users/yam/Documents/GitHub/mkr/Content/CCC/Textures/WidgetTextures/Trophies/Trophy_Silver.uasset" 797
"/Users/yam/Documents/GitHub/mkr/Content/CCC/Textures/WidgetTextures/Trophies/Trophy_Silver.uexp" 798
"/Users/yam/Documents/GitHub/mkr/Content/CCC/Textures/WidgetTextures/Trophies/T_Troph_Gold_Icon.uasset" 799
"/Users/yam/Documents/GitHub/mkr/Content/CCC/Textures/WidgetTextures/Trophies/T_Troph_Gold_Icon.uexp" 800
"/Users/yam/Documents/GitHub/mkr/Content/CCC/Textures/WidgetTextures/T_TachometerNeedle.uasset" 801
"/Users/yam/Documents/GitHub/mkr/Content/CCC/Textures/WidgetTextures/T_TachometerNeedle.uexp" 802
"/Users/yam/Documents/GitHub/mkr/Content/CCC/Textures/WidgetTextures/T_TacometerOverlay.uasset" 803
"/Users/yam/Documents/GitHub/mkr/Content/CCC/Textures/WidgetTextures/T_TacometerOverlay.uexp" 804
"/Users/yam/Documents/GitHub/mkr/Content/CCC/Textures/WidgetTextures/T_Tachometer.uasset" 805
"/Users/yam/Documents/GitHub/mkr/Content/CCC/Textures/WidgetTextures/T_Tachometer.uexp" 806
"/Users/yam/Documents/GitHub/mkr/Content/CCC/Textures/WidgetTextures/T_Corner.uasset" 807
"/Users/yam/Documents/GitHub/mkr/Content/CCC/Textures/WidgetTextures/T_Corner.uexp" 808
"/Users/yam/Documents/GitHub/mkr/Content/CCC/Blueprints/Widgets/W_CarWidget.uasset" 809
"/Users/yam/Documents/GitHub/mkr/Content/CCC/Blueprints/Widgets/W_CarWidget.uexp" 810
"/Users/yam/Documents/GitHub/mkr/Content/CCC/Blueprints/Course/Checkpoints/BP_Checkpoint.uasset" 811
"/Users/yam/Documents/GitHub/mkr/Content/CCC/Blueprints/Course/Checkpoints/BP_Checkpoint.uexp" 812
"/Users/yam/Documents/GitHub/mkr/Content/CCC/Blueprints/Course/FinishCameras/BP_FinishLineCameraCrane.uasset" 813
"/Users/yam/Documents/GitHub/mkr/Content/CCC/Blueprints/Course/FinishCameras/BP_FinishLineCameraCrane.uexp" 814
"/Users/yam/Documents/GitHub/mkr/Content/CCC/Blueprints/Course/BP_Course.uasset" 815
"/Users/yam/Documents/GitHub/mkr/Content/CCC/Blueprints/Course/BP_Course.uexp" 816
"/Users/yam/Documents/GitHub/mkr/Content/VehicleAdv/Materials/MasterSolidColor.uasset" 817
"/Users/yam/Documents/GitHub/mkr/Content/VehicleAdv/Materials/MasterSolidColor.uexp" 818
"/Users/yam/Documents/GitHub/mkr/Content/VehicleAdv/Materials/MaterialInstances/SolidOrange.uasset" 819
"/Users/yam/Documents/GitHub/mkr/Content/VehicleAdv/Materials/MaterialInstances/SolidOrange.uexp" 820
"/Users/yam/Documents/GitHub/mkr/Content/VehicleAdv/ArenaMesh/LoopBig.uasset" 821
"/Users/yam/Documents/GitHub/mkr/Content/VehicleAdv/ArenaMesh/LoopBig.uexp" 822
"/Users/yam/Documents/GitHub/mkr/Content/CCC/Blueprints/Course/BP_CourseStart.uasset" 823
"/Users/yam/Documents/GitHub/mkr/Content/CCC/Blueprints/Course/BP_CourseStart.uexp" 824
"/Users/yam/Documents/GitHub/mkr/Content/CCC/Textures/Car/Mirrors/T_Mirror_Left.uasset" 825
"/Users/yam/Documents/GitHub/mkr/Content/CCC/Textures/Car/Mirrors/T_Mirror_Left.uexp" 826
"/Users/yam/Documents/GitHub/mkr/Content/CCC/Textures/Car/Mirrors/T_Mirror_Rear.uasset" 827
"/Users/yam/Documents/GitHub/mkr/Content/CCC/Textures/Car/Mirrors/T_Mirror_Rear.uexp" 828
"/Users/yam/Documents/GitHub/mkr/Content/CCC/Textures/Car/Mirrors/T_Mirror_Right.uasset" 829
"/Users/yam/Documents/GitHub/mkr/Content/CCC/Textures/Car/Mirrors/T_Mirror_Right.uexp" 830
"/Users/yam/Documents/GitHub/mkr/Content/CCC/Vehicle/SkeletalMesh/PA_Car.uasset" 831
"/Users/yam/Documents/GitHub/mkr/Content/CCC/Vehicle/SkeletalMesh/PA_Car.uexp" 832
"../../../Engine/Content/VREditor/UI/KeyDiskMaterial.uasset" 833
"../../../Engine/Content/VREditor/UI/KeyDiskMaterial.uexp" 834
"../../../Engine/Content/VREditor/UI/DiscMaterial.uasset" 835
"../../../Engine/Content/VREditor/UI/DiscMaterial.uexp" 836
"/Users/yam/Documents/GitHub/mkr/Content/Race/Textures/4_trip_carp_3_BaseColor.uasset" 837
"/Users/yam/Documents/GitHub/mkr/Content/Race/Textures/4_trip_carp_3_BaseColor.uexp" 838
"/Users/yam/Documents/GitHub/mkr/Content/Race/Textures/4_trip_carp_3_BaseColor.ubulk" 839
"/Users/yam/Documents/GitHub/mkr/Content/Race/Textures/5_trip_carp_3_MetallicRoughness.uasset" 840
"/Users/yam/Documents/GitHub/mkr/Content/Race/Textures/5_trip_carp_3_MetallicRoughness.uexp" 841
"/Users/yam/Documents/GitHub/mkr/Content/Race/Textures/5_trip_carp_3_MetallicRoughness.ubulk" 842
"/Users/yam/Documents/GitHub/mkr/Content/Race/Materials/trip_carp_3.uasset" 843
"/Users/yam/Documents/GitHub/mkr/Content/Race/Materials/trip_carp_3.uexp" 844
"/Users/yam/Documents/GitHub/mkr/Content/Race/Materials/GOLD.uasset" 845
"/Users/yam/Documents/GitHub/mkr/Content/Race/Materials/GOLD.uexp" 846
"/Users/yam/Documents/GitHub/mkr/Content/Race/Textures/3_Floor_Normal.uasset" 847
"/Users/yam/Documents/GitHub/mkr/Content/Race/Textures/3_Floor_Normal.uexp" 848
"/Users/yam/Documents/GitHub/mkr/Content/Race/Textures/3_Floor_Normal.ubulk" 849
"/Users/yam/Documents/GitHub/mkr/Content/Race/Textures/2_Floor_BaseColor.uasset" 850
"/Users/yam/Documents/GitHub/mkr/Content/Race/Textures/2_Floor_BaseColor.uexp" 851
"/Users/yam/Documents/GitHub/mkr/Content/Race/Textures/2_Floor_BaseColor.ubulk" 852
"/Users/yam/Documents/GitHub/mkr/Content/Race/Materials/Floor.uasset" 853
"/Users/yam/Documents/GitHub/mkr/Content/Race/Materials/Floor.uexp" 854
"../../../Engine/Plugins/Enterprise/DatasmithContent/Content/Materials/FBXImporter/VRED/VREDRepeatMode.uasset" 855
"../../../Engine/Plugins/Enterprise/DatasmithContent/Content/Materials/FBXImporter/VRED/VREDRepeatMode.uexp" 856
"../../../Engine/Plugins/Enterprise/DatasmithContent/Content/Materials/FBXImporter/VRED/UVMapping.uasset" 857
"../../../Engine/Plugins/Enterprise/DatasmithContent/Content/Materials/FBXImporter/VRED/UVMapping.uexp" 858
"../../../Engine/Content/Functions/Engine_MaterialFunctions02/WorldPositionOffset/LocalPosition.uasset" 859
"../../../Engine/Content/Functions/Engine_MaterialFunctions02/WorldPositionOffset/LocalPosition.uexp" 860
"../../../Engine/Plugins/Enterprise/DatasmithContent/Content/Materials/FBXImporter/VRED/TriplanarMapping.uasset" 861
"../../../Engine/Plugins/Enterprise/DatasmithContent/Content/Materials/FBXImporter/VRED/TriplanarMapping.uexp" 862
"../../../Engine/Plugins/Enterprise/DatasmithContent/Content/Materials/FBXImporter/VRED/PlanarMapping.uasset" 863
"../../../Engine/Plugins/Enterprise/DatasmithContent/Content/Materials/FBXImporter/VRED/PlanarMapping.uexp" 864
"../../../Engine/Plugins/Enterprise/DatasmithContent/Content/Materials/FBXImporter/VRED/VREDTextureRead.uasset" 865
"../../../Engine/Plugins/Enterprise/DatasmithContent/Content/Materials/FBXImporter/VRED/VREDTextureRead.uexp" 866
"../../../Engine/Plugins/Enterprise/DatasmithContent/Content/Materials/FBXImporter/VRED/ProcessNormal.uasset" 867
"../../../Engine/Plugins/Enterprise/DatasmithContent/Content/Materials/FBXImporter/VRED/ProcessNormal.uexp" 868
"../../../Engine/Content/Functions/Engine_MaterialFunctions01/Texturing/BakedDisplacement.uasset" 869
"../../../Engine/Content/Functions/Engine_MaterialFunctions01/Texturing/BakedDisplacement.uexp" 870
"../../../Engine/Content/Functions/MaterialLayerFunctions/MatLayerBlend_Simple.uasset" 871
"../../../Engine/Content/Functions/MaterialLayerFunctions/MatLayerBlend_Simple.uexp" 872
"../../../Engine/Plugins/Enterprise/DatasmithContent/Content/Materials/FBXImporter/VRED/BrushedMetal.uasset" 873
"../../../Engine/Plugins/Enterprise/DatasmithContent/Content/Materials/FBXImporter/VRED/BrushedMetal.uexp" 874
"/Users/yam/Documents/GitHub/mkr/Content/CCC/Vehicle/SkeletalMesh/SK_Car_Skeleton.uasset" 875
"/Users/yam/Documents/GitHub/mkr/Content/CCC/Vehicle/SkeletalMesh/SK_Car_Skeleton.uexp" 876
"/Users/yam/Documents/GitHub/mkr/Content/CCC/Textures/Car/Tyre/T_TyrePattern_Normal.uasset" 877
"/Users/yam/Documents/GitHub/mkr/Content/CCC/Textures/Car/Tyre/T_TyrePattern_Normal.uexp" 878
"/Users/yam/Documents/GitHub/mkr/Content/CCC/Textures/Car/Tyre/T_TyrePattern_Normal.ubulk" 879
"/Users/yam/Documents/GitHub/mkr/Content/CCC/Materials/Car/Tyres/M_Tyre.uasset" 880
"/Users/yam/Documents/GitHub/mkr/Content/CCC/Materials/Car/Tyres/M_Tyre.uexp" 881
"/Users/yam/Documents/GitHub/mkr/Content/CCC/Materials/Car/Tyres/MI_Tyre_Pattern.uasset" 882
"/Users/yam/Documents/GitHub/mkr/Content/CCC/Materials/Car/Tyres/MI_Tyre_Pattern.uexp" 883
"../../../Engine/Content/Functions/Engine_MaterialFunctions03/Texturing/TwoSidedTexturing.uasset" 884
"../../../Engine/Content/Functions/Engine_MaterialFunctions03/Texturing/TwoSidedTexturing.uexp" 885
"/Users/yam/Documents/GitHub/mkr/Content/CCC/Materials/Car/ClearCoats/M_ClearCoat.uasset" 886
"/Users/yam/Documents/GitHub/mkr/Content/CCC/Materials/Car/ClearCoats/M_ClearCoat.uexp" 887
"/Users/yam/Documents/GitHub/mkr/Content/CCC/Materials/Car/ClearCoats/MI_ClearCoat_MatteBlack.uasset" 888
"/Users/yam/Documents/GitHub/mkr/Content/CCC/Materials/Car/ClearCoats/MI_ClearCoat_MatteBlack.uexp" 889
"/Users/yam/Documents/GitHub/mkr/Content/CCC/Materials/Car/ClearCoats/MI_ClearCoat_ShowroomFloor.uasset" 890
"/Users/yam/Documents/GitHub/mkr/Content/CCC/Materials/Car/ClearCoats/MI_ClearCoat_ShowroomFloor.uexp" 891
"/Users/yam/Documents/GitHub/mkr/Content/CCC/Materials/Car/ClearCoats/MI_ClearCoat_ShinyChrome.uasset" 892
"/Users/yam/Documents/GitHub/mkr/Content/CCC/Materials/Car/ClearCoats/MI_ClearCoat_ShinyChrome.uexp" 893
"/Users/yam/Documents/GitHub/mkr/Content/CCC/Materials/Car/Mirrors/M_Mirror.uasset" 894
"/Users/yam/Documents/GitHub/mkr/Content/CCC/Materials/Car/Mirrors/M_Mirror.uexp" 895
"/Users/yam/Documents/GitHub/mkr/Content/CCC/Materials/Car/Mirrors/M_Mirror_Right.uasset" 896
"/Users/yam/Documents/GitHub/mkr/Content/CCC/Materials/Car/Mirrors/M_Mirror_Right.uexp" 897
"/Users/yam/Documents/GitHub/mkr/Content/CCC/Textures/Leather/T_Leather_Roughness.uasset" 898
"/Users/yam/Documents/GitHub/mkr/Content/CCC/Textures/Leather/T_Leather_Roughness.uexp" 899
"/Users/yam/Documents/GitHub/mkr/Content/CCC/Textures/Leather/T_Leather_Roughness.ubulk" 900
"/Users/yam/Documents/GitHub/mkr/Content/CCC/Textures/Leather/T_Leather_Normal.uasset" 901
"/Users/yam/Documents/GitHub/mkr/Content/CCC/Textures/Leather/T_Leather_Normal.uexp" 902
"/Users/yam/Documents/GitHub/mkr/Content/CCC/Textures/Leather/T_Leather_Normal.ubulk" 903
"/Users/yam/Documents/GitHub/mkr/Content/CCC/Textures/Leather/T_Leather_BaseColor.uasset" 904
"/Users/yam/Documents/GitHub/mkr/Content/CCC/Textures/Leather/T_Leather_BaseColor.uexp" 905
"/Users/yam/Documents/GitHub/mkr/Content/CCC/Textures/Leather/T_Leather_BaseColor.ubulk" 906
"/Users/yam/Documents/GitHub/mkr/Content/CCC/Materials/Car/M_Car.uasset" 907
"/Users/yam/Documents/GitHub/mkr/Content/CCC/Materials/Car/M_Car.uexp" 908
"/Users/yam/Documents/GitHub/mkr/Content/CCC/Materials/Car/MI_Leather_InteriorRoof.uasset" 909
"/Users/yam/Documents/GitHub/mkr/Content/CCC/Materials/Car/MI_Leather_InteriorRoof.uexp" 910
"/Users/yam/Documents/GitHub/mkr/Content/CCC/Materials/Car/Glass/M_Car_Glass.uasset" 911
"/Users/yam/Documents/GitHub/mkr/Content/CCC/Materials/Car/Glass/M_Car_Glass.uexp" 912
"/Users/yam/Documents/GitHub/mkr/Content/CCC/Materials/Car/MI_Car_Glass_Headlights.uasset" 913
"/Users/yam/Documents/GitHub/mkr/Content/CCC/Materials/Car/MI_Car_Glass_Headlights.uexp" 914
"/Users/yam/Documents/GitHub/mkr/Content/CCC/Materials/Car/MI_Car_InteriorGloss.uasset" 915
"/Users/yam/Documents/GitHub/mkr/Content/CCC/Materials/Car/MI_Car_InteriorGloss.uexp" 916
"/Users/yam/Documents/GitHub/mkr/Content/Number_001.uasset" 917
"/Users/yam/Documents/GitHub/mkr/Content/Number_001.uexp" 918
"/Users/yam/Documents/GitHub/mkr/Content/tirerubber.uasset" 919
"/Users/yam/Documents/GitHub/mkr/Content/tirerubber.uexp" 920
"/Users/yam/Documents/GitHub/mkr/Content/CCC/Vehicle/SkeletalMesh/SKM_Car.uasset" 921
"/Users/yam/Documents/GitHub/mkr/Content/CCC/Vehicle/SkeletalMesh/SKM_Car.uexp" 922
"/Users/yam/Documents/GitHub/mkr/Content/CCC/Materials/Car/M_Car_Badge.uasset" 923
"/Users/yam/Documents/GitHub/mkr/Content/CCC/Materials/Car/M_Car_Badge.uexp" 924
"/Users/yam/Documents/GitHub/mkr/Content/CCC/StaticMeshes/SM_CCCBadge.uasset" 925
"/Users/yam/Documents/GitHub/mkr/Content/CCC/StaticMeshes/SM_CCCBadge.uexp" 926
"/Users/yam/Documents/GitHub/mkr/Content/CCC/Sounds/Wav/WAV_TyreScreetchLoop.uasset" 927
"/Users/yam/Documents/GitHub/mkr/Content/CCC/Sounds/Wav/WAV_TyreScreetchLoop.uexp" 928
"/Users/yam/Documents/GitHub/mkr/Content/CCC/Sounds/Wav/WAV_TyreGravel.uasset" 929
"/Users/yam/Documents/GitHub/mkr/Content/CCC/Sounds/Wav/WAV_TyreGravel.uexp" 930
"/Users/yam/Documents/GitHub/mkr/Content/CCC/Sounds/Wav/WAV_TyreGrass.uasset" 931
"/Users/yam/Documents/GitHub/mkr/Content/CCC/Sounds/Wav/WAV_TyreGrass.uexp" 932
"/Users/yam/Documents/GitHub/mkr/Content/CCC/Sounds/Wav/WAV_TurboLoop.uasset" 933
"/Users/yam/Documents/GitHub/mkr/Content/CCC/Sounds/Wav/WAV_TurboLoop.uexp" 934
"/Users/yam/Documents/GitHub/mkr/Content/CCC/Sounds/Wav/WAV_GearChange.uasset" 935
"/Users/yam/Documents/GitHub/mkr/Content/CCC/Sounds/Wav/WAV_GearChange.uexp" 936
"/Users/yam/Documents/GitHub/mkr/Content/CCC/Sounds/Wav/WAV_EngineIdle.uasset" 937
"/Users/yam/Documents/GitHub/mkr/Content/CCC/Sounds/Wav/WAV_EngineIdle.uexp" 938
"/Users/yam/Documents/GitHub/mkr/Content/CCC/Sounds/Audio/VehicleAttenuation.uasset" 939
"/Users/yam/Documents/GitHub/mkr/Content/CCC/Sounds/Audio/VehicleAttenuation.uexp" 940
"/Users/yam/Documents/GitHub/mkr/Content/CCC/Physics/PhysicsMaterials/PM_Snow.uasset" 941
"/Users/yam/Documents/GitHub/mkr/Content/CCC/Physics/PhysicsMaterials/PM_Snow.uexp" 942
"/Users/yam/Documents/GitHub/mkr/Content/CCC/Physics/PhysicsMaterials/PM_Grass.uasset" 943
"/Users/yam/Documents/GitHub/mkr/Content/CCC/Physics/PhysicsMaterials/PM_Grass.uexp" 944
"/Users/yam/Documents/GitHub/mkr/Content/CCC/Particles/PS_SnowCloud.uasset" 945
"/Users/yam/Documents/GitHub/mkr/Content/CCC/Particles/PS_SnowCloud.uexp" 946
"/Users/yam/Documents/GitHub/mkr/Content/CCC/Particles/PS_DriftSmoke.uasset" 947
"/Users/yam/Documents/GitHub/mkr/Content/CCC/Particles/PS_DriftSmoke.uexp" 948
"/Users/yam/Documents/GitHub/mkr/Content/CCC/Particles/PS_DirtCloud.uasset" 949
"/Users/yam/Documents/GitHub/mkr/Content/CCC/Particles/PS_DirtCloud.uexp" 950
"/Users/yam/Documents/GitHub/mkr/Content/CCC/Blueprints/Widgets/W_DashboardDisplay.uasset" 951
"/Users/yam/Documents/GitHub/mkr/Content/CCC/Blueprints/Widgets/W_DashboardDisplay.uexp" 952
"../../../Engine/Content/EngineMaterials/PhysMat_Ice.uasset" 953
"../../../Engine/Content/EngineMaterials/PhysMat_Ice.uexp" 954
"../../../Engine/Content/EngineMaterials/DefaultPhysicalMaterial.uasset" 955
"../../../Engine/Content/EngineMaterials/DefaultPhysicalMaterial.uexp" 956
"../../../Engine/Content/EditorSounds/GamePreview/EndPlayInEditor.uasset" 957
"../../../Engine/Content/EditorSounds/GamePreview/EndPlayInEditor.uexp" 958
"/Users/yam/Documents/GitHub/mkr/Content/CCC/Vehicle/Curve_Steering.uasset" 959
"/Users/yam/Documents/GitHub/mkr/Content/CCC/Vehicle/Curve_Steering.uexp" 960
"/Users/yam/Documents/GitHub/mkr/Content/CCC/Blueprints/Misc/BP_CameraShake.uasset" 961
"/Users/yam/Documents/GitHub/mkr/Content/CCC/Blueprints/Misc/BP_CameraShake.uexp" 962
"/Users/yam/Documents/GitHub/mkr/Content/CCC/Physics/PhysicsMaterials/PM_Dirt.uasset" 963
"/Users/yam/Documents/GitHub/mkr/Content/CCC/Physics/PhysicsMaterials/PM_Dirt.uexp" 964
"/Users/yam/Documents/GitHub/mkr/Content/CCC/Blueprints/best_anim.uasset" 965
"/Users/yam/Documents/GitHub/mkr/Content/CCC/Blueprints/best_anim.uexp" 966
"/Users/yam/Documents/GitHub/mkr/Content/CCC/Textures/CarbonFiber/T_CarbonFiber_Pattern.uasset" 967
"/Users/yam/Documents/GitHub/mkr/Content/CCC/Textures/CarbonFiber/T_CarbonFiber_Pattern.uexp" 968
"/Users/yam/Documents/GitHub/mkr/Content/CCC/Textures/CarbonFiber/T_CarbonFiber_Pattern.ubulk" 969
"/Users/yam/Documents/GitHub/mkr/Content/CCC/Materials/Car/M_CarbonFiber.uasset" 970
"/Users/yam/Documents/GitHub/mkr/Content/CCC/Materials/Car/M_CarbonFiber.uexp" 971
"/Users/yam/Documents/GitHub/mkr/Content/CCC/Textures/CarbonFiber/T_CarbonFiber_Pattern2.uasset" 972
"/Users/yam/Documents/GitHub/mkr/Content/CCC/Textures/CarbonFiber/T_CarbonFiber_Pattern2.uexp" 973
"/Users/yam/Documents/GitHub/mkr/Content/CCC/Textures/CarbonFiber/T_CarbonFiber_Pattern2.ubulk" 974
"/Users/yam/Documents/GitHub/mkr/Content/CCC/Materials/Car/MI_CarbonFiber.uasset" 975
"/Users/yam/Documents/GitHub/mkr/Content/CCC/Materials/Car/MI_CarbonFiber.uexp" 976
"/Users/yam/Documents/GitHub/mkr/Content/demo_backwheels1.uasset" 977
"/Users/yam/Documents/GitHub/mkr/Content/demo_backwheels1.uexp" 978
"/Users/yam/Documents/GitHub/mkr/Content/demo_frontwheels.uasset" 979
"/Users/yam/Documents/GitHub/mkr/Content/demo_frontwheels.uexp" 980
"/Users/yam/Documents/GitHub/mkr/Content/CCC/Blueprints/BP_Car.uasset" 981
"/Users/yam/Documents/GitHub/mkr/Content/CCC/Blueprints/BP_Car.uexp" 982
"/Users/yam/Documents/GitHub/mkr/Content/CCC/Blueprints/Misc/GM_VehicularGameMode.uasset" 983
"/Users/yam/Documents/GitHub/mkr/Content/CCC/Blueprints/Misc/GM_VehicularGameMode.uexp" 984
"/Users/yam/Documents/GitHub/mkr/Content/Maps/Race.uexp" 985
"/Users/yam/Documents/GitHub/mkr/Content/Maps/Race.umap" 986
"../../../Engine/Content/Maps/Entry_BuiltData.uasset" 987
"../../../Engine/Content/Maps/Entry_BuiltData.uexp" 988
"../../../Engine/Content/Maps/Entry.uexp" 989
"../../../Engine/Content/Maps/Entry.umap" 990
